{
  "stats": {
    "suites": 1,
    "tests": 22,
    "passes": 22,
    "pending": 0,
    "failures": 0,
    "start": "2022-10-06T18:24:53.549Z",
    "end": "2022-10-06T18:25:02.591Z",
    "duration": 8780,
    "testsRegistered": 22,
    "passPercent": 100,
    "pendingPercent": 0,
    "other": 0,
    "hasOther": false,
    "skipped": 0,
    "hasSkipped": false
  },
  "results": [
    {
      "uuid": "d938d9de-f0db-427c-958b-dbd621798891",
      "title": "",
      "fullFile": "cypress\\e2e\\DropBoxUploadDownloadTest.cy.js",
      "file": "cypress\\e2e\\DropBoxUploadDownloadTest.cy.js",
      "beforeHooks": [],
      "afterHooks": [],
      "tests": [],
      "suites": [
        {
          "uuid": "56013b66-352b-4900-a936-297ba993e7d6",
          "title": "Should test DropBox api with retrieving oauth2 token, uploading the file, checking it metadata and deleting it",
          "fullFile": "",
          "file": "",
          "beforeHooks": [],
          "afterHooks": [],
          "tests": [
            {
              "title": "Should successfully retrieve oauth2 authorization token from DropBox API and save it",
              "fullTitle": "Should test DropBox api with retrieving oauth2 token, uploading the file, checking it metadata and deleting it Should successfully retrieve oauth2 authorization token from DropBox API and save it",
              "timedOut": null,
              "duration": 1116,
              "state": "passed",
              "speed": "fast",
              "pass": true,
              "fail": false,
              "pending": false,
              "context": null,
              "code": "var options = {\n  method: 'POST',\n  url: Cypress.env('authTokenUrl'),\n  headers: {\n    'Content-Type': ContentTypeAuthHeader,\n    'Cookie': 'locale=en; t=MHEYc5dUJHUnxofca9PH9XEQ'\n  },\n  body: {\n    refresh_token: CryptoJS.AES.decrypt(Cypress.env('token'), Cypress.env('secret')).toString(CryptoJS.enc.Utf8),\n    grant_type: 'refresh_token',\n    client_id: Cypress.env('appKey'),\n    client_secret: Cypress.env('appSecret')\n  }\n};\ncy.request(options).as('token');\ncy.get('@token').then(response => {\n  expect(response.status).to.be.equal(200);\n  expect(response.body).to.include.key('access_token');\n  accessToken = CryptoJS.AES.encrypt(response.body.access_token, Cypress.env('secret'));\n});",
              "err": {},
              "uuid": "cebc06b4-2259-4b60-aace-4932d80645f9",
              "parentUUID": "56013b66-352b-4900-a936-297ba993e7d6",
              "isHook": false,
              "skipped": false
            },
            {
              "title": "Should successfully check user authentication on DropBox",
              "fullTitle": "Should test DropBox api with retrieving oauth2 token, uploading the file, checking it metadata and deleting it Should successfully check user authentication on DropBox",
              "timedOut": null,
              "duration": 777,
              "state": "passed",
              "speed": "fast",
              "pass": true,
              "fail": false,
              "pending": false,
              "context": null,
              "code": "var options = {\n  method: 'POST',\n  url: `${Cypress.env('authEndpoint')}/check/user`,\n  headers: {\n    'Authorization': `Bearer ${CryptoJS.AES.decrypt(accessToken, Cypress.env('secret')).toString(CryptoJS.enc.Utf8)}`,\n    'Content-Type': ContentTypeHeader\n  },\n  body: authCheckBody\n};\ncy.request(options).as('userAuth');\ncy.get('@userAuth').then(response => {\n  expect(response.status).to.be.equal(200);\n  expect(response.body.result).to.be.equal(test);\n});",
              "err": {},
              "uuid": "9570b175-7599-4669-ae80-2b255971a4b0",
              "parentUUID": "56013b66-352b-4900-a936-297ba993e7d6",
              "isHook": false,
              "skipped": false
            },
            {
              "title": "Should successfully check app authentication on DropBox",
              "fullTitle": "Should test DropBox api with retrieving oauth2 token, uploading the file, checking it metadata and deleting it Should successfully check app authentication on DropBox",
              "timedOut": null,
              "duration": 186,
              "state": "passed",
              "speed": "fast",
              "pass": true,
              "fail": false,
              "pending": false,
              "context": null,
              "code": "var options = {\n  method: 'POST',\n  url: `${Cypress.env('authEndpoint')}/check/app`,\n  headers: {\n    'Authorization': Cypress.env('appAuth'),\n    'Content-Type': ContentTypeHeader\n  },\n  body: authCheckBody\n};\ncy.request(options).as('appAuth');\ncy.get('@appAuth').then(response => {\n  expect(response.status).to.be.equal(200);\n  expect(response.body.result).to.be.equal(test);\n});",
              "err": {},
              "uuid": "3551f4be-4905-4d1d-a8b2-b697e44e04ca",
              "parentUUID": "56013b66-352b-4900-a936-297ba993e7d6",
              "isHook": false,
              "skipped": false
            },
            {
              "title": "Should successfully upload text file to DropBox via API",
              "fullTitle": "Should test DropBox api with retrieving oauth2 token, uploading the file, checking it metadata and deleting it Should successfully upload text file to DropBox via API",
              "timedOut": null,
              "duration": 1794,
              "state": "passed",
              "speed": "fast",
              "pass": true,
              "fail": false,
              "pending": false,
              "context": null,
              "code": "let options = {\n  method: 'POST',\n  url: `${Cypress.env('filesEndpoint')}/files/upload`,\n  headers: {\n    'Dropbox-API-Arg': JSON.stringify(uploadDropBoxAPIArg),\n    'Content-Type': uploadContentType,\n    'Authorization': `Bearer ${CryptoJS.AES.decrypt(accessToken, Cypress.env('secret')).toString(CryptoJS.enc.Utf8)}`\n  },\n  body: \"Hello from Cypress!!!\"\n};\ncy.request(options).as('upload');\ncy.get('@upload').then(response => {\n  expect(response.status).to.be.equal(200);\n  uploadResponse = response.body;\n  metadataValues = Object.values(response.body);\n});",
              "err": {},
              "uuid": "2e96877e-39b1-4348-a205-d651aebef52e",
              "parentUUID": "56013b66-352b-4900-a936-297ba993e7d6",
              "isHook": false,
              "skipped": false
            },
            {
              "title": "Should successfully search for uploaded file and validate it's metadata",
              "fullTitle": "Should test DropBox api with retrieving oauth2 token, uploading the file, checking it metadata and deleting it Should successfully search for uploaded file and validate it's metadata",
              "timedOut": null,
              "duration": 462,
              "state": "passed",
              "speed": "fast",
              "pass": true,
              "fail": false,
              "pending": false,
              "context": null,
              "code": "let options = {\n  method: 'POST',\n  url: `${Cypress.env('authEndpoint')}/files/get_metadata`,\n  headers: {\n    'Content-Type': ContentTypeHeader,\n    'Authorization': `Bearer ${CryptoJS.AES.decrypt(accessToken, Cypress.env('secret')).toString(CryptoJS.enc.Utf8)}`\n  },\n  body: JSON.stringify({\n    path: path,\n    include_media_info: false,\n    include_deleted: false,\n    include_has_explicit_shared_members: false\n  })\n};\ncy.request(options).as('metadataCheck');\ncy.get('@metadataCheck').then(response => {\n  expect(response.status).to.be.equal(200);\n  metadataResponse = response.body;\n});",
              "err": {},
              "uuid": "122f0fd6-6e26-4383-b499-f54e4bff8b42",
              "parentUUID": "56013b66-352b-4900-a936-297ba993e7d6",
              "isHook": false,
              "skipped": false
            },
            {
              "title": "Should successfully delete uploaded file",
              "fullTitle": "Should test DropBox api with retrieving oauth2 token, uploading the file, checking it metadata and deleting it Should successfully delete uploaded file",
              "timedOut": null,
              "duration": 1213,
              "state": "passed",
              "speed": "fast",
              "pass": true,
              "fail": false,
              "pending": false,
              "context": null,
              "code": "let options = {\n  method: 'POST',\n  url: `${Cypress.env('authEndpoint')}/files/delete_v2`,\n  headers: {\n    'Content-Type': ContentTypeHeader,\n    'Authorization': `Bearer ${CryptoJS.AES.decrypt(accessToken, Cypress.env('secret')).toString(CryptoJS.enc.Utf8)}`\n  },\n  body: JSON.stringify({\n    path: path\n  }),\n  failOnStatusCode: false\n};\ncy.request(options).as('delete');\ncy.get('@delete').then(response => {\n  expect(response.status).to.be.equal(200);\n  deleteResponse = response.body.metadata;\n});",
              "err": {},
              "uuid": "1513625b-ffdc-4deb-a5ca-9c9404120399",
              "parentUUID": "56013b66-352b-4900-a936-297ba993e7d6",
              "isHook": false,
              "skipped": false
            }
          ],
          "suites": [
            {
              "uuid": "25ed6d93-facb-469c-8d01-130a71a36c42",
              "title": "Should perform assertions on 'upload file' response",
              "fullFile": "",
              "file": "",
              "beforeHooks": [],
              "afterHooks": [],
              "tests": [
                {
                  "title": "Validate 'upload file' response body upon the schema",
                  "fullTitle": "Should test DropBox api with retrieving oauth2 token, uploading the file, checking it metadata and deleting it Should perform assertions on 'upload file' response Validate 'upload file' response body upon the schema",
                  "timedOut": null,
                  "duration": 44,
                  "state": "passed",
                  "speed": "fast",
                  "pass": true,
                  "fail": false,
                  "pending": false,
                  "context": null,
                  "code": "cy.wrap(uploadResponse).then(response => {\n  expect(response).to.be.jsonSchema(uploadResponseSchema);\n});",
                  "err": {},
                  "uuid": "b039ff6c-4e26-4213-9c93-0bbb108f5748",
                  "parentUUID": "25ed6d93-facb-469c-8d01-130a71a36c42",
                  "isHook": false,
                  "skipped": false
                },
                {
                  "title": "Check 'upload file' response key 'name' contains value equal 'text.txt'",
                  "fullTitle": "Should test DropBox api with retrieving oauth2 token, uploading the file, checking it metadata and deleting it Should perform assertions on 'upload file' response Check 'upload file' response key 'name' contains value equal 'text.txt'",
                  "timedOut": null,
                  "duration": 57,
                  "state": "passed",
                  "speed": "fast",
                  "pass": true,
                  "fail": false,
                  "pending": false,
                  "context": null,
                  "code": "cy.wrap(uploadResponse).then(response => {\n  expect(response.name).to.equal(fileName);\n});",
                  "err": {},
                  "uuid": "cafe5fda-bccc-4074-8f47-3b037d1ee94a",
                  "parentUUID": "25ed6d93-facb-469c-8d01-130a71a36c42",
                  "isHook": false,
                  "skipped": false
                },
                {
                  "title": "Check 'upload file' response body length equal 10",
                  "fullTitle": "Should test DropBox api with retrieving oauth2 token, uploading the file, checking it metadata and deleting it Should perform assertions on 'upload file' response Check 'upload file' response body length equal 10",
                  "timedOut": null,
                  "duration": 47,
                  "state": "passed",
                  "speed": "fast",
                  "pass": true,
                  "fail": false,
                  "pending": false,
                  "context": null,
                  "code": "cy.wrap(uploadResponse).then(response => {\n  expect(Object.keys(response).length).to.equal(uploadResponseLength);\n});",
                  "err": {},
                  "uuid": "03b27e5f-e1b6-4d77-b278-fc45f761a9c4",
                  "parentUUID": "25ed6d93-facb-469c-8d01-130a71a36c42",
                  "isHook": false,
                  "skipped": false
                },
                {
                  "title": "Check 'upload file' response body keys",
                  "fullTitle": "Should test DropBox api with retrieving oauth2 token, uploading the file, checking it metadata and deleting it Should perform assertions on 'upload file' response Check 'upload file' response body keys",
                  "timedOut": null,
                  "duration": 44,
                  "state": "passed",
                  "speed": "fast",
                  "pass": true,
                  "fail": false,
                  "pending": false,
                  "context": null,
                  "code": "cy.wrap(uploadResponse).then(response => {\n  metadata.forEach((key, i) => {\n    expect(Object.keys(response)[i]).to.equal(key);\n  });\n});",
                  "err": {},
                  "uuid": "7d2778e7-a3b8-4b86-b02c-2a247d972604",
                  "parentUUID": "25ed6d93-facb-469c-8d01-130a71a36c42",
                  "isHook": false,
                  "skipped": false
                }
              ],
              "suites": [],
              "passes": [
                "b039ff6c-4e26-4213-9c93-0bbb108f5748",
                "cafe5fda-bccc-4074-8f47-3b037d1ee94a",
                "03b27e5f-e1b6-4d77-b278-fc45f761a9c4",
                "7d2778e7-a3b8-4b86-b02c-2a247d972604"
              ],
              "failures": [],
              "pending": [],
              "skipped": [],
              "duration": 192,
              "root": false,
              "rootEmpty": false,
              "_timeout": 2000
            },
            {
              "uuid": "11578b3e-c149-45f8-9e9f-9ed64a394ba0",
              "title": "Should perform assertions on 'search uploaded file metadata' response",
              "fullFile": "",
              "file": "",
              "beforeHooks": [],
              "afterHooks": [],
              "tests": [
                {
                  "title": "Validate 'file metadata' response body upon the schema",
                  "fullTitle": "Should test DropBox api with retrieving oauth2 token, uploading the file, checking it metadata and deleting it Should perform assertions on 'search uploaded file metadata' response Validate 'file metadata' response body upon the schema",
                  "timedOut": null,
                  "duration": 35,
                  "state": "passed",
                  "speed": "fast",
                  "pass": true,
                  "fail": false,
                  "pending": false,
                  "context": null,
                  "code": "cy.wrap(metadataResponse).then(response => {\n  expect(response).to.be.jsonSchema(getMetadataResponseSchema);\n});",
                  "err": {},
                  "uuid": "2de6054c-1ff8-4a08-918a-e59abecb6738",
                  "parentUUID": "11578b3e-c149-45f8-9e9f-9ed64a394ba0",
                  "isHook": false,
                  "skipped": false
                },
                {
                  "title": "Check 'file metadata' response body length equal 11",
                  "fullTitle": "Should test DropBox api with retrieving oauth2 token, uploading the file, checking it metadata and deleting it Should perform assertions on 'search uploaded file metadata' response Check 'file metadata' response body length equal 11",
                  "timedOut": null,
                  "duration": 16,
                  "state": "passed",
                  "speed": "fast",
                  "pass": true,
                  "fail": false,
                  "pending": false,
                  "context": null,
                  "code": "cy.wrap(metadataResponse).then(response => {\n  expect(Object.keys(response).length).to.equal(metadataResponseLength);\n});",
                  "err": {},
                  "uuid": "f82f086b-19b2-4f6a-aab9-c817d753ab3c",
                  "parentUUID": "11578b3e-c149-45f8-9e9f-9ed64a394ba0",
                  "isHook": false,
                  "skipped": false
                },
                {
                  "title": "Check 'file metadata' response body keys values",
                  "fullTitle": "Should test DropBox api with retrieving oauth2 token, uploading the file, checking it metadata and deleting it Should perform assertions on 'search uploaded file metadata' response Check 'file metadata' response body keys values",
                  "timedOut": null,
                  "duration": 49,
                  "state": "passed",
                  "speed": "fast",
                  "pass": true,
                  "fail": false,
                  "pending": false,
                  "context": null,
                  "code": "cy.wrap(metadataResponse).then(response => {\n  Object.values(response).slice(1).forEach((el, i) => {\n    expect(el).to.equal(metadataValues[i]);\n  });\n});",
                  "err": {},
                  "uuid": "d28f32da-83f1-44cf-990b-6ad2e7933860",
                  "parentUUID": "11578b3e-c149-45f8-9e9f-9ed64a394ba0",
                  "isHook": false,
                  "skipped": false
                }
              ],
              "suites": [],
              "passes": [
                "2de6054c-1ff8-4a08-918a-e59abecb6738",
                "f82f086b-19b2-4f6a-aab9-c817d753ab3c",
                "d28f32da-83f1-44cf-990b-6ad2e7933860"
              ],
              "failures": [],
              "pending": [],
              "skipped": [],
              "duration": 100,
              "root": false,
              "rootEmpty": false,
              "_timeout": 2000
            },
            {
              "uuid": "e40a7410-6d6a-4b40-a579-2370e19cdb61",
              "title": "Should perform assertions on 'delete file' response",
              "fullFile": "",
              "file": "",
              "beforeHooks": [],
              "afterHooks": [],
              "tests": [
                {
                  "title": "Validate 'delete file' response body upon the schema",
                  "fullTitle": "Should test DropBox api with retrieving oauth2 token, uploading the file, checking it metadata and deleting it Should perform assertions on 'delete file' response Validate 'delete file' response body upon the schema",
                  "timedOut": null,
                  "duration": 43,
                  "state": "passed",
                  "speed": "fast",
                  "pass": true,
                  "fail": false,
                  "pending": false,
                  "context": null,
                  "code": "cy.wrap(deleteResponse).then(response => {\n  expect(response).to.be.jsonSchema(deleteSchema);\n});",
                  "err": {},
                  "uuid": "405bb711-cab2-4a82-b110-f3acc1377b2d",
                  "parentUUID": "e40a7410-6d6a-4b40-a579-2370e19cdb61",
                  "isHook": false,
                  "skipped": false
                },
                {
                  "title": "Check 'delete file' response 'metadata' key has number of keys equal 11",
                  "fullTitle": "Should test DropBox api with retrieving oauth2 token, uploading the file, checking it metadata and deleting it Should perform assertions on 'delete file' response Check 'delete file' response 'metadata' key has number of keys equal 11",
                  "timedOut": null,
                  "duration": 31,
                  "state": "passed",
                  "speed": "fast",
                  "pass": true,
                  "fail": false,
                  "pending": false,
                  "context": null,
                  "code": "cy.wrap(deleteResponse).then(response => {\n  expect(Object.keys(response).length).to.equal(metadataResponseLength);\n});",
                  "err": {},
                  "uuid": "81ec53be-7bdd-417a-9844-073e9c058107",
                  "parentUUID": "e40a7410-6d6a-4b40-a579-2370e19cdb61",
                  "isHook": false,
                  "skipped": false
                },
                {
                  "title": "Check 'delete file' response 'metadata' keys values",
                  "fullTitle": "Should test DropBox api with retrieving oauth2 token, uploading the file, checking it metadata and deleting it Should perform assertions on 'delete file' response Check 'delete file' response 'metadata' keys values",
                  "timedOut": null,
                  "duration": 46,
                  "state": "passed",
                  "speed": "fast",
                  "pass": true,
                  "fail": false,
                  "pending": false,
                  "context": null,
                  "code": "cy.wrap(deleteResponse).then(response => {\n  Object.values(response).slice(1).forEach((el, i) => {\n    expect(el).to.equal(metadataValues[i]);\n  });\n});",
                  "err": {},
                  "uuid": "ccfd1d75-0a3f-4cde-b47b-e2f4e0ffccc4",
                  "parentUUID": "e40a7410-6d6a-4b40-a579-2370e19cdb61",
                  "isHook": false,
                  "skipped": false
                }
              ],
              "suites": [],
              "passes": [
                "405bb711-cab2-4a82-b110-f3acc1377b2d",
                "81ec53be-7bdd-417a-9844-073e9c058107",
                "ccfd1d75-0a3f-4cde-b47b-e2f4e0ffccc4"
              ],
              "failures": [],
              "pending": [],
              "skipped": [],
              "duration": 120,
              "root": false,
              "rootEmpty": false,
              "_timeout": 2000
            }
          ],
          "passes": [
            "cebc06b4-2259-4b60-aace-4932d80645f9",
            "9570b175-7599-4669-ae80-2b255971a4b0",
            "3551f4be-4905-4d1d-a8b2-b697e44e04ca",
            "2e96877e-39b1-4348-a205-d651aebef52e",
            "122f0fd6-6e26-4383-b499-f54e4bff8b42",
            "1513625b-ffdc-4deb-a5ca-9c9404120399"
          ],
          "failures": [],
          "pending": [],
          "skipped": [],
          "duration": 5548,
          "root": false,
          "rootEmpty": false,
          "_timeout": 2000
        },
        {
          "uuid": "366431ab-ce49-4818-a451-ba0a44d0fa94",
          "title": "Should perform DropBox API negative tests with wrong endpoints, wrong body values and try to delete already deleted file",
          "fullFile": "",
          "file": "",
          "beforeHooks": [],
          "afterHooks": [],
          "tests": [
            {
              "title": "Should check impossibility to upload file to DropBox via API with wrong endpoint",
              "fullTitle": "Should perform DropBox API negative tests with wrong endpoints, wrong body values and try to delete already deleted file Should check impossibility to upload file to DropBox via API with wrong endpoint",
              "timedOut": null,
              "duration": 503,
              "state": "passed",
              "speed": "fast",
              "pass": true,
              "fail": false,
              "pending": false,
              "context": null,
              "code": "var options = {\n  method: 'POST',\n  url: `${Cypress.env('filesEndpoint')}/files/upload/1`,\n  headers: {\n    'Dropbox-API-Arg': JSON.stringify(uploadDropBoxAPIArg),\n    'Content-Type': uploadContentType,\n    'Authorization': `Bearer ${CryptoJS.AES.decrypt(accessToken, Cypress.env('secret')).toString(CryptoJS.enc.Utf8)}`\n  },\n  body: \"Hello from Cypress!!!\",\n  failOnStatusCode: false\n};\ncy.request(options).as('upload');\ncy.get('@upload').then(response => {\n  expect(response.status).to.be.equal(404);\n});",
              "err": {},
              "uuid": "3598cb3a-a181-4a7c-b426-1468bd8c52ec",
              "parentUUID": "366431ab-ce49-4818-a451-ba0a44d0fa94",
              "isHook": false,
              "skipped": false
            },
            {
              "title": "Should check impossibility to check uploaded file's metadata with wrong endpoint",
              "fullTitle": "Should perform DropBox API negative tests with wrong endpoints, wrong body values and try to delete already deleted file Should check impossibility to check uploaded file's metadata with wrong endpoint",
              "timedOut": null,
              "duration": 584,
              "state": "passed",
              "speed": "fast",
              "pass": true,
              "fail": false,
              "pending": false,
              "context": null,
              "code": "var options = {\n  method: 'POST',\n  url: `${Cypress.env('authEndpoint')}/files/get_metadat`,\n  headers: {\n    'Content-Type': ContentTypeHeader,\n    'Authorization': `Bearer ${CryptoJS.AES.decrypt(accessToken, Cypress.env('secret')).toString(CryptoJS.enc.Utf8)}`\n  },\n  body: JSON.stringify({\n    path: path,\n    include_media_info: false,\n    include_deleted: false,\n    include_has_explicit_shared_members: false\n  }),\n  failOnStatusCode: false\n};\ncy.request(options).as('metadataCheck');\ncy.get('@metadataCheck').then(response => {\n  expect(response.status).to.be.equal(400);\n});",
              "err": {},
              "uuid": "842ca1b6-d8ef-43b9-ab91-e457b0c53129",
              "parentUUID": "366431ab-ce49-4818-a451-ba0a44d0fa94",
              "isHook": false,
              "skipped": false
            },
            {
              "title": "Should check impossibility to delete uploaded file with wrong endpoint",
              "fullTitle": "Should perform DropBox API negative tests with wrong endpoints, wrong body values and try to delete already deleted file Should check impossibility to delete uploaded file with wrong endpoint",
              "timedOut": null,
              "duration": 415,
              "state": "passed",
              "speed": "fast",
              "pass": true,
              "fail": false,
              "pending": false,
              "context": null,
              "code": "var options = {\n  method: 'POST',\n  url: `${Cypress.env('authEndpoint')}/files/delete_v1`,\n  headers: {\n    'Content-Type': ContentTypeHeader,\n    'Authorization': `Bearer ${CryptoJS.AES.decrypt(accessToken, Cypress.env('secret')).toString(CryptoJS.enc.Utf8)}`\n  },\n  body: JSON.stringify({\n    path: '/text.txt'\n  }),\n  failOnStatusCode: false\n};\ncy.request(options).as('delete');\ncy.get('@delete').then(response => {\n  expect(response.status).to.be.equal(400);\n});",
              "err": {},
              "uuid": "05e1b50f-9971-4ddf-8927-a03d4f661575",
              "parentUUID": "366431ab-ce49-4818-a451-ba0a44d0fa94",
              "isHook": false,
              "skipped": false
            },
            {
              "title": "Should check impossibility to check uploaded file's metadata with wrong body value",
              "fullTitle": "Should perform DropBox API negative tests with wrong endpoints, wrong body values and try to delete already deleted file Should check impossibility to check uploaded file's metadata with wrong body value",
              "timedOut": null,
              "duration": 617,
              "state": "passed",
              "speed": "fast",
              "pass": true,
              "fail": false,
              "pending": false,
              "context": null,
              "code": "var options = {\n  method: 'POST',\n  url: `${Cypress.env('authEndpoint')}/files/get_metadata`,\n  headers: {\n    'Content-Type': ContentTypeHeader,\n    'Authorization': `Bearer ${CryptoJS.AES.decrypt(accessToken, Cypress.env('secret')).toString(CryptoJS.enc.Utf8)}`\n  },\n  body: JSON.stringify({\n    path: wrongPath,\n    include_media_info: false,\n    include_deleted: false,\n    include_has_explicit_shared_members: false\n  }),\n  failOnStatusCode: false\n};\ncy.request(options).as('metadataCheck');\ncy.get('@metadataCheck').then(response => {\n  expect(response.status).to.be.equal(409);\n  expect(response.body).to.have.keys(errorResponse);\n});",
              "err": {},
              "uuid": "18329378-a45c-4994-98d0-1ab028f3b9b3",
              "parentUUID": "366431ab-ce49-4818-a451-ba0a44d0fa94",
              "isHook": false,
              "skipped": false
            },
            {
              "title": "Should check impossibility to delete uploaded file with wrong body value",
              "fullTitle": "Should perform DropBox API negative tests with wrong endpoints, wrong body values and try to delete already deleted file Should check impossibility to delete uploaded file with wrong body value",
              "timedOut": null,
              "duration": 413,
              "state": "passed",
              "speed": "fast",
              "pass": true,
              "fail": false,
              "pending": false,
              "context": null,
              "code": "var options = {\n  method: 'POST',\n  url: `${Cypress.env('authEndpoint')}/files/delete_v2`,\n  headers: {\n    'Content-Type': ContentTypeHeader,\n    'Authorization': `Bearer ${CryptoJS.AES.decrypt(accessToken, Cypress.env('secret')).toString(CryptoJS.enc.Utf8)}`\n  },\n  body: JSON.stringify({\n    path: wrongPath\n  }),\n  failOnStatusCode: false\n};\ncy.request(options).as('delete');\ncy.get('@delete').then(response => {\n  expect(response.status).to.be.equal(409);\n  expect(response.body).to.have.keys(errorResponse);\n});",
              "err": {},
              "uuid": "fc77856a-573b-4655-b64e-57c3b58009a5",
              "parentUUID": "366431ab-ce49-4818-a451-ba0a44d0fa94",
              "isHook": false,
              "skipped": false
            },
            {
              "title": "Should repeat delete uploaded file and check error code is 409",
              "fullTitle": "Should perform DropBox API negative tests with wrong endpoints, wrong body values and try to delete already deleted file Should repeat delete uploaded file and check error code is 409",
              "timedOut": null,
              "duration": 288,
              "state": "passed",
              "speed": "fast",
              "pass": true,
              "fail": false,
              "pending": false,
              "context": null,
              "code": "var options = {\n  method: 'POST',\n  url: `${Cypress.env('authEndpoint')}/files/delete_v2`,\n  headers: {\n    'Content-Type': ContentTypeHeader,\n    'Authorization': `Bearer ${CryptoJS.AES.decrypt(accessToken, Cypress.env('secret')).toString(CryptoJS.enc.Utf8)}`\n  },\n  body: JSON.stringify({\n    path: path\n  }),\n  failOnStatusCode: false\n};\ncy.request(options).as('delete');\ncy.get('@delete').then(response => {\n  expect(response.status).to.be.equal(409);\n  expect(response.body).to.have.keys(errorResponse);\n});",
              "err": {},
              "uuid": "832f8b9c-b747-4b6b-8013-403eb14de507",
              "parentUUID": "366431ab-ce49-4818-a451-ba0a44d0fa94",
              "isHook": false,
              "skipped": false
            }
          ],
          "suites": [],
          "passes": [
            "3598cb3a-a181-4a7c-b426-1468bd8c52ec",
            "842ca1b6-d8ef-43b9-ab91-e457b0c53129",
            "05e1b50f-9971-4ddf-8927-a03d4f661575",
            "18329378-a45c-4994-98d0-1ab028f3b9b3",
            "fc77856a-573b-4655-b64e-57c3b58009a5",
            "832f8b9c-b747-4b6b-8013-403eb14de507"
          ],
          "failures": [],
          "pending": [],
          "skipped": [],
          "duration": 2820,
          "root": false,
          "rootEmpty": false,
          "_timeout": 2000
        }
      ],
      "passes": [],
      "failures": [],
      "pending": [],
      "skipped": [],
      "duration": 0,
      "root": true,
      "rootEmpty": true,
      "_timeout": 2000
    }
  ],
  "meta": {
    "mocha": {
      "version": "7.0.1"
    },
    "mochawesome": {
      "options": {
        "quiet": false,
        "reportFilename": "mochawesome",
        "saveHtml": false,
        "saveJson": true,
        "consoleReporter": "spec",
        "useInlineDiffs": false,
        "code": true
      },
      "version": "7.1.3"
    },
    "marge": {
      "options": {
        "reportDir": "cypress/results",
        "overwrite": false,
        "html": false,
        "json": true
      },
      "version": "6.2.0"
    }
  }
}