{
  "stats": {
    "suites": 1,
    "tests": 22,
    "passes": 22,
    "pending": 0,
    "failures": 0,
    "start": "2022-10-09T22:06:45.745Z",
    "end": "2022-10-09T22:06:49.485Z",
    "duration": 3632,
    "testsRegistered": 22,
    "passPercent": 100,
    "pendingPercent": 0,
    "other": 0,
    "hasOther": false,
    "skipped": 0,
    "hasSkipped": false
  },
  "results": [
    {
      "uuid": "f43b4332-750b-4a81-9303-d65a534314e5",
      "title": "",
      "fullFile": "cypress\\e2e\\DropBoxUploadDownloadTest.cy.js",
      "file": "cypress\\e2e\\DropBoxUploadDownloadTest.cy.js",
      "beforeHooks": [],
      "afterHooks": [],
      "tests": [],
      "suites": [
        {
          "uuid": "0dd3af45-4872-4552-94c8-b7d6f29e7d86",
          "title": "Should test DropBox api with retrieving oauth2 token, uploading the file, checking it metadata and deleting it",
          "fullFile": "",
          "file": "",
          "beforeHooks": [],
          "afterHooks": [],
          "tests": [
            {
              "title": "Should successfully retrieve oauth2 authorization token from DropBox API and save it",
              "fullTitle": "Should test DropBox api with retrieving oauth2 token, uploading the file, checking it metadata and deleting it Should successfully retrieve oauth2 authorization token from DropBox API and save it",
              "timedOut": null,
              "duration": 328,
              "state": "passed",
              "speed": "fast",
              "pass": true,
              "fail": false,
              "pending": false,
              "context": null,
              "code": "const request = new Request(getTokenOptions);\ncy.request(request).as('token');\ncy.get('@token').then(response => {\n  expect(response.status).to.be.equal(200);\n  expect(response.body).to.include.key('access_token');\n  accessToken = response.body.access_token;\n});",
              "err": {},
              "uuid": "c97873bb-9883-44ac-83a6-afa736a7c876",
              "parentUUID": "0dd3af45-4872-4552-94c8-b7d6f29e7d86",
              "isHook": false,
              "skipped": false
            },
            {
              "title": "Should successfully check user authentication on DropBox",
              "fullTitle": "Should test DropBox api with retrieving oauth2 token, uploading the file, checking it metadata and deleting it Should successfully check user authentication on DropBox",
              "timedOut": null,
              "duration": 306,
              "state": "passed",
              "speed": "fast",
              "pass": true,
              "fail": false,
              "pending": false,
              "context": null,
              "code": "const request = new Request(checkUserOptions);\nrequest.headers.Authorization += ` ${accessToken}`;\ncy.request(request).as('userAuth');\ncy.get('@userAuth').then(response => {\n  expect(response.status).to.be.equal(200);\n  expect(response.body.result).to.be.equal(test);\n});",
              "err": {},
              "uuid": "ebb29bde-5f2d-4dd2-8369-2be970e01046",
              "parentUUID": "0dd3af45-4872-4552-94c8-b7d6f29e7d86",
              "isHook": false,
              "skipped": false
            },
            {
              "title": "Should successfully check app authentication on DropBox",
              "fullTitle": "Should test DropBox api with retrieving oauth2 token, uploading the file, checking it metadata and deleting it Should successfully check app authentication on DropBox",
              "timedOut": null,
              "duration": 168,
              "state": "passed",
              "speed": "fast",
              "pass": true,
              "fail": false,
              "pending": false,
              "context": null,
              "code": "const request = new Request(checkAppOptions);\ncy.request(request).as('appAuth');\ncy.get('@appAuth').then(response => {\n  expect(response.status).to.be.equal(200);\n  expect(response.body.result).to.be.equal(test);\n});",
              "err": {},
              "uuid": "e0702a89-b900-4359-bda2-e539d23f31ba",
              "parentUUID": "0dd3af45-4872-4552-94c8-b7d6f29e7d86",
              "isHook": false,
              "skipped": false
            },
            {
              "title": "Should successfully upload text file to DropBox via API",
              "fullTitle": "Should test DropBox api with retrieving oauth2 token, uploading the file, checking it metadata and deleting it Should successfully upload text file to DropBox via API",
              "timedOut": null,
              "duration": 739,
              "state": "passed",
              "speed": "fast",
              "pass": true,
              "fail": false,
              "pending": false,
              "context": null,
              "code": "const request = new Request(fileUploadOptions);\nrequest.headers.Authorization += ` ${accessToken}`;\ncy.request(request).as('upload');\ncy.get('@upload').then(response => {\n  expect(response.status).to.be.equal(200);\n  uploadResponse = response.body;\n  metadataValues = Object.values(response.body);\n});",
              "err": {},
              "uuid": "3424a515-34bc-4991-9b96-b7afb4db19b2",
              "parentUUID": "0dd3af45-4872-4552-94c8-b7d6f29e7d86",
              "isHook": false,
              "skipped": false
            },
            {
              "title": "Should successfully search for uploaded file and validate it's metadata",
              "fullTitle": "Should test DropBox api with retrieving oauth2 token, uploading the file, checking it metadata and deleting it Should successfully search for uploaded file and validate it's metadata",
              "timedOut": null,
              "duration": 208,
              "state": "passed",
              "speed": "fast",
              "pass": true,
              "fail": false,
              "pending": false,
              "context": null,
              "code": "const request = new Request(searchUploadedFileOptions);\nrequest.headers.Authorization += ` ${accessToken}`;\ncy.request(request).as('metadataCheck');\ncy.get('@metadataCheck').then(response => {\n  expect(response.status).to.be.equal(200);\n  metadataResponse = response.body;\n});",
              "err": {},
              "uuid": "efc7f673-050b-4b9d-a6ef-8f2f9684ca92",
              "parentUUID": "0dd3af45-4872-4552-94c8-b7d6f29e7d86",
              "isHook": false,
              "skipped": false
            },
            {
              "title": "Should successfully delete uploaded file",
              "fullTitle": "Should test DropBox api with retrieving oauth2 token, uploading the file, checking it metadata and deleting it Should successfully delete uploaded file",
              "timedOut": null,
              "duration": 636,
              "state": "passed",
              "speed": "fast",
              "pass": true,
              "fail": false,
              "pending": false,
              "context": null,
              "code": "const request = new Request(deleteFileOptions);\nrequest.headers.Authorization += ` ${accessToken}`;\ncy.request(request).as('delete');\ncy.get('@delete').then(response => {\n  expect(response.status).to.be.equal(200);\n  deleteResponse = response.body.metadata;\n});",
              "err": {},
              "uuid": "e21fc7f4-c60a-47f0-a2e1-a118a5e988d0",
              "parentUUID": "0dd3af45-4872-4552-94c8-b7d6f29e7d86",
              "isHook": false,
              "skipped": false
            }
          ],
          "suites": [
            {
              "uuid": "9843c75d-dba7-4d0f-a59a-c0079f9bb8c0",
              "title": "Should perform assertions on 'upload file' response",
              "fullFile": "",
              "file": "",
              "beforeHooks": [],
              "afterHooks": [],
              "tests": [
                {
                  "title": "Validate 'upload file' response body upon the schema",
                  "fullTitle": "Should test DropBox api with retrieving oauth2 token, uploading the file, checking it metadata and deleting it Should perform assertions on 'upload file' response Validate 'upload file' response body upon the schema",
                  "timedOut": null,
                  "duration": 13,
                  "state": "passed",
                  "speed": "fast",
                  "pass": true,
                  "fail": false,
                  "pending": false,
                  "context": null,
                  "code": "cy.wrap(uploadResponse).then(response => {\n  expect(response).to.be.jsonSchema(uploadResponseSchema);\n});",
                  "err": {},
                  "uuid": "ed61a463-0c63-475c-a5eb-9ddc6531b7a4",
                  "parentUUID": "9843c75d-dba7-4d0f-a59a-c0079f9bb8c0",
                  "isHook": false,
                  "skipped": false
                },
                {
                  "title": "Check 'upload file' response key 'name' contains value equal 'text.txt'",
                  "fullTitle": "Should test DropBox api with retrieving oauth2 token, uploading the file, checking it metadata and deleting it Should perform assertions on 'upload file' response Check 'upload file' response key 'name' contains value equal 'text.txt'",
                  "timedOut": null,
                  "duration": 16,
                  "state": "passed",
                  "speed": "fast",
                  "pass": true,
                  "fail": false,
                  "pending": false,
                  "context": null,
                  "code": "cy.wrap(uploadResponse).then(response => {\n  expect(response.name).to.equal(fileName);\n});",
                  "err": {},
                  "uuid": "7423ded4-9c5a-454e-842a-46e1fdc526da",
                  "parentUUID": "9843c75d-dba7-4d0f-a59a-c0079f9bb8c0",
                  "isHook": false,
                  "skipped": false
                },
                {
                  "title": "Check 'upload file' response body length equal 10",
                  "fullTitle": "Should test DropBox api with retrieving oauth2 token, uploading the file, checking it metadata and deleting it Should perform assertions on 'upload file' response Check 'upload file' response body length equal 10",
                  "timedOut": null,
                  "duration": 15,
                  "state": "passed",
                  "speed": "fast",
                  "pass": true,
                  "fail": false,
                  "pending": false,
                  "context": null,
                  "code": "cy.wrap(uploadResponse).then(response => {\n  expect(Object.keys(response).length).to.equal(uploadResponseLength);\n});",
                  "err": {},
                  "uuid": "0f9b0e87-f173-4d8d-8aa9-4dfb3cf23c35",
                  "parentUUID": "9843c75d-dba7-4d0f-a59a-c0079f9bb8c0",
                  "isHook": false,
                  "skipped": false
                },
                {
                  "title": "Check 'upload file' response body keys",
                  "fullTitle": "Should test DropBox api with retrieving oauth2 token, uploading the file, checking it metadata and deleting it Should perform assertions on 'upload file' response Check 'upload file' response body keys",
                  "timedOut": null,
                  "duration": 25,
                  "state": "passed",
                  "speed": "fast",
                  "pass": true,
                  "fail": false,
                  "pending": false,
                  "context": null,
                  "code": "cy.wrap(uploadResponse).then(response => {\n  metadata.forEach((key, i) => {\n    expect(Object.keys(response)[i]).to.equal(key);\n  });\n});",
                  "err": {},
                  "uuid": "ae333cc1-aeaf-49a1-bb47-7721d9244d03",
                  "parentUUID": "9843c75d-dba7-4d0f-a59a-c0079f9bb8c0",
                  "isHook": false,
                  "skipped": false
                }
              ],
              "suites": [],
              "passes": [
                "ed61a463-0c63-475c-a5eb-9ddc6531b7a4",
                "7423ded4-9c5a-454e-842a-46e1fdc526da",
                "0f9b0e87-f173-4d8d-8aa9-4dfb3cf23c35",
                "ae333cc1-aeaf-49a1-bb47-7721d9244d03"
              ],
              "failures": [],
              "pending": [],
              "skipped": [],
              "duration": 69,
              "root": false,
              "rootEmpty": false,
              "_timeout": 2000
            },
            {
              "uuid": "9675d356-9e58-485e-86e0-7ccd7c2f7e08",
              "title": "Should perform assertions on 'search uploaded file metadata' response",
              "fullFile": "",
              "file": "",
              "beforeHooks": [],
              "afterHooks": [],
              "tests": [
                {
                  "title": "Validate 'file metadata' response body upon the schema",
                  "fullTitle": "Should test DropBox api with retrieving oauth2 token, uploading the file, checking it metadata and deleting it Should perform assertions on 'search uploaded file metadata' response Validate 'file metadata' response body upon the schema",
                  "timedOut": null,
                  "duration": 18,
                  "state": "passed",
                  "speed": "fast",
                  "pass": true,
                  "fail": false,
                  "pending": false,
                  "context": null,
                  "code": "cy.wrap(metadataResponse).then(response => {\n  expect(response).to.be.jsonSchema(getMetadataResponseSchema);\n});",
                  "err": {},
                  "uuid": "9d2d4995-4a67-406b-8804-5bd446c485fa",
                  "parentUUID": "9675d356-9e58-485e-86e0-7ccd7c2f7e08",
                  "isHook": false,
                  "skipped": false
                },
                {
                  "title": "Check 'file metadata' response body length equal 11",
                  "fullTitle": "Should test DropBox api with retrieving oauth2 token, uploading the file, checking it metadata and deleting it Should perform assertions on 'search uploaded file metadata' response Check 'file metadata' response body length equal 11",
                  "timedOut": null,
                  "duration": 16,
                  "state": "passed",
                  "speed": "fast",
                  "pass": true,
                  "fail": false,
                  "pending": false,
                  "context": null,
                  "code": "cy.wrap(metadataResponse).then(response => {\n  expect(Object.keys(response).length).to.equal(metadataResponseLength);\n});",
                  "err": {},
                  "uuid": "192d2dd5-701d-472d-88a2-eed5391bf7f4",
                  "parentUUID": "9675d356-9e58-485e-86e0-7ccd7c2f7e08",
                  "isHook": false,
                  "skipped": false
                },
                {
                  "title": "Check 'file metadata' response body keys values",
                  "fullTitle": "Should test DropBox api with retrieving oauth2 token, uploading the file, checking it metadata and deleting it Should perform assertions on 'search uploaded file metadata' response Check 'file metadata' response body keys values",
                  "timedOut": null,
                  "duration": 17,
                  "state": "passed",
                  "speed": "fast",
                  "pass": true,
                  "fail": false,
                  "pending": false,
                  "context": null,
                  "code": "cy.wrap(metadataResponse).then(response => {\n  Object.values(response).slice(1).forEach((el, i) => {\n    expect(el).to.equal(metadataValues[i]);\n  });\n});",
                  "err": {},
                  "uuid": "c63b09d7-7c83-40fc-975c-ce104f3b419c",
                  "parentUUID": "9675d356-9e58-485e-86e0-7ccd7c2f7e08",
                  "isHook": false,
                  "skipped": false
                }
              ],
              "suites": [],
              "passes": [
                "9d2d4995-4a67-406b-8804-5bd446c485fa",
                "192d2dd5-701d-472d-88a2-eed5391bf7f4",
                "c63b09d7-7c83-40fc-975c-ce104f3b419c"
              ],
              "failures": [],
              "pending": [],
              "skipped": [],
              "duration": 51,
              "root": false,
              "rootEmpty": false,
              "_timeout": 2000
            },
            {
              "uuid": "ce027c78-2949-45d4-9dd2-98c828355e71",
              "title": "Should perform assertions on 'delete file' response",
              "fullFile": "",
              "file": "",
              "beforeHooks": [],
              "afterHooks": [],
              "tests": [
                {
                  "title": "Validate 'delete file' response body upon the schema",
                  "fullTitle": "Should test DropBox api with retrieving oauth2 token, uploading the file, checking it metadata and deleting it Should perform assertions on 'delete file' response Validate 'delete file' response body upon the schema",
                  "timedOut": null,
                  "duration": 15,
                  "state": "passed",
                  "speed": "fast",
                  "pass": true,
                  "fail": false,
                  "pending": false,
                  "context": null,
                  "code": "cy.wrap(deleteResponse).then(response => {\n  expect(response).to.be.jsonSchema(deleteSchema);\n});",
                  "err": {},
                  "uuid": "8d25d10d-8e49-4adc-841c-e0cd539e5695",
                  "parentUUID": "ce027c78-2949-45d4-9dd2-98c828355e71",
                  "isHook": false,
                  "skipped": false
                },
                {
                  "title": "Check 'delete file' response 'metadata' key has number of keys equal 11",
                  "fullTitle": "Should test DropBox api with retrieving oauth2 token, uploading the file, checking it metadata and deleting it Should perform assertions on 'delete file' response Check 'delete file' response 'metadata' key has number of keys equal 11",
                  "timedOut": null,
                  "duration": 13,
                  "state": "passed",
                  "speed": "fast",
                  "pass": true,
                  "fail": false,
                  "pending": false,
                  "context": null,
                  "code": "cy.wrap(deleteResponse).then(response => {\n  expect(Object.keys(response).length).to.equal(metadataResponseLength);\n});",
                  "err": {},
                  "uuid": "a14da04f-b3f2-4f95-b8c4-2ac9d86d2203",
                  "parentUUID": "ce027c78-2949-45d4-9dd2-98c828355e71",
                  "isHook": false,
                  "skipped": false
                },
                {
                  "title": "Check 'delete file' response 'metadata' keys values",
                  "fullTitle": "Should test DropBox api with retrieving oauth2 token, uploading the file, checking it metadata and deleting it Should perform assertions on 'delete file' response Check 'delete file' response 'metadata' keys values",
                  "timedOut": null,
                  "duration": 22,
                  "state": "passed",
                  "speed": "fast",
                  "pass": true,
                  "fail": false,
                  "pending": false,
                  "context": null,
                  "code": "cy.wrap(deleteResponse).then(response => {\n  Object.values(response).slice(1).forEach((el, i) => {\n    expect(el).to.equal(metadataValues[i]);\n  });\n});",
                  "err": {},
                  "uuid": "318856cf-bc92-4f1c-ab80-781547bcc3bf",
                  "parentUUID": "ce027c78-2949-45d4-9dd2-98c828355e71",
                  "isHook": false,
                  "skipped": false
                }
              ],
              "suites": [],
              "passes": [
                "8d25d10d-8e49-4adc-841c-e0cd539e5695",
                "a14da04f-b3f2-4f95-b8c4-2ac9d86d2203",
                "318856cf-bc92-4f1c-ab80-781547bcc3bf"
              ],
              "failures": [],
              "pending": [],
              "skipped": [],
              "duration": 50,
              "root": false,
              "rootEmpty": false,
              "_timeout": 2000
            }
          ],
          "passes": [
            "c97873bb-9883-44ac-83a6-afa736a7c876",
            "ebb29bde-5f2d-4dd2-8369-2be970e01046",
            "e0702a89-b900-4359-bda2-e539d23f31ba",
            "3424a515-34bc-4991-9b96-b7afb4db19b2",
            "efc7f673-050b-4b9d-a6ef-8f2f9684ca92",
            "e21fc7f4-c60a-47f0-a2e1-a118a5e988d0"
          ],
          "failures": [],
          "pending": [],
          "skipped": [],
          "duration": 2385,
          "root": false,
          "rootEmpty": false,
          "_timeout": 2000
        },
        {
          "uuid": "8ba411f2-6058-4333-9125-eeb559d9a368",
          "title": "Should perform DropBox API negative tests with wrong endpoints, wrong body values and try to delete already deleted file",
          "fullFile": "",
          "file": "",
          "beforeHooks": [],
          "afterHooks": [],
          "tests": [
            {
              "title": "Should check impossibility to upload file to DropBox via API with wrong endpoint",
              "fullTitle": "Should perform DropBox API negative tests with wrong endpoints, wrong body values and try to delete already deleted file Should check impossibility to upload file to DropBox via API with wrong endpoint",
              "timedOut": null,
              "duration": 153,
              "state": "passed",
              "speed": "fast",
              "pass": true,
              "fail": false,
              "pending": false,
              "context": null,
              "code": "const request = new Wrongrequest(wrongPathFileUploadOptions);\nrequest.headers.Authorization += ` ${accessToken}`;\ncy.request(request).as('upload');\ncy.get('@upload').then(response => {\n  expect(response.status).to.be.equal(404);\n});",
              "err": {},
              "uuid": "f8d097ec-75bf-486b-8419-936405f5992f",
              "parentUUID": "8ba411f2-6058-4333-9125-eeb559d9a368",
              "isHook": false,
              "skipped": false
            },
            {
              "title": "Should check impossibility to check uploaded file's metadata with wrong endpoint",
              "fullTitle": "Should perform DropBox API negative tests with wrong endpoints, wrong body values and try to delete already deleted file Should check impossibility to check uploaded file's metadata with wrong endpoint",
              "timedOut": null,
              "duration": 147,
              "state": "passed",
              "speed": "fast",
              "pass": true,
              "fail": false,
              "pending": false,
              "context": null,
              "code": "const request = new Wrongrequest(wrongPathSearchFileOptions);\nrequest.headers.Authorization += ` ${accessToken}`;\ncy.request(request).as('metadataCheck');\ncy.get('@metadataCheck').then(response => {\n  expect(response.status).to.be.equal(400);\n});",
              "err": {},
              "uuid": "c7a96ae6-d7f7-4b82-9943-24669e77a20f",
              "parentUUID": "8ba411f2-6058-4333-9125-eeb559d9a368",
              "isHook": false,
              "skipped": false
            },
            {
              "title": "Should check impossibility to delete uploaded file with wrong endpoint",
              "fullTitle": "Should perform DropBox API negative tests with wrong endpoints, wrong body values and try to delete already deleted file Should check impossibility to delete uploaded file with wrong endpoint",
              "timedOut": null,
              "duration": 152,
              "state": "passed",
              "speed": "fast",
              "pass": true,
              "fail": false,
              "pending": false,
              "context": null,
              "code": "const request = new Wrongrequest(wrongPathDeletefileOptions);\nrequest.headers.Authorization += ` ${accessToken}`;\ncy.request(request).as('delete');\ncy.get('@delete').then(response => {\n  expect(response.status).to.be.equal(400);\n});",
              "err": {},
              "uuid": "2c81f37c-9bf3-463f-b723-3ab429a1ae7d",
              "parentUUID": "8ba411f2-6058-4333-9125-eeb559d9a368",
              "isHook": false,
              "skipped": false
            },
            {
              "title": "Should check impossibility to check uploaded file's metadata with wrong body value",
              "fullTitle": "Should perform DropBox API negative tests with wrong endpoints, wrong body values and try to delete already deleted file Should check impossibility to check uploaded file's metadata with wrong body value",
              "timedOut": null,
              "duration": 198,
              "state": "passed",
              "speed": "fast",
              "pass": true,
              "fail": false,
              "pending": false,
              "context": null,
              "code": "const request = new Wrongrequest(wrongBodySearchFileOptions);\nrequest.headers.Authorization += ` ${accessToken}`;\ncy.request(request).as('metadataCheck');\ncy.get('@metadataCheck').then(response => {\n  expect(response.status).to.be.equal(409);\n  expect(response.body).to.have.keys(errorResponse);\n});",
              "err": {},
              "uuid": "78d3605a-56e5-47a5-a7f6-a8232cd7f0fc",
              "parentUUID": "8ba411f2-6058-4333-9125-eeb559d9a368",
              "isHook": false,
              "skipped": false
            },
            {
              "title": "Should check impossibility to delete uploaded file with wrong body value",
              "fullTitle": "Should perform DropBox API negative tests with wrong endpoints, wrong body values and try to delete already deleted file Should check impossibility to delete uploaded file with wrong body value",
              "timedOut": null,
              "duration": 206,
              "state": "passed",
              "speed": "fast",
              "pass": true,
              "fail": false,
              "pending": false,
              "context": null,
              "code": "const request = new Wrongrequest(wrongBodyDeleteFileOptions);\nrequest.headers.Authorization += ` ${accessToken}`;\ncy.request(request).as('delete');\ncy.get('@delete').then(response => {\n  expect(response.status).to.be.equal(409);\n  expect(response.body).to.have.keys(errorResponse);\n});",
              "err": {},
              "uuid": "fe60d35e-331e-4ace-b5b1-7f647836520b",
              "parentUUID": "8ba411f2-6058-4333-9125-eeb559d9a368",
              "isHook": false,
              "skipped": false
            },
            {
              "title": "Should repeat delete uploaded file and check error code is 409",
              "fullTitle": "Should perform DropBox API negative tests with wrong endpoints, wrong body values and try to delete already deleted file Should repeat delete uploaded file and check error code is 409",
              "timedOut": null,
              "duration": 221,
              "state": "passed",
              "speed": "fast",
              "pass": true,
              "fail": false,
              "pending": false,
              "context": null,
              "code": "const request = new Wrongrequest(deleteFileOptions);\ncy.request(request).as('delete');\ncy.get('@delete').then(response => {\n  expect(response.status).to.be.equal(409);\n  expect(response.body).to.have.keys(errorResponse);\n});",
              "err": {},
              "uuid": "2e67376d-320e-4ebb-a47e-3d0a4165aa55",
              "parentUUID": "8ba411f2-6058-4333-9125-eeb559d9a368",
              "isHook": false,
              "skipped": false
            }
          ],
          "suites": [],
          "passes": [
            "f8d097ec-75bf-486b-8419-936405f5992f",
            "c7a96ae6-d7f7-4b82-9943-24669e77a20f",
            "2c81f37c-9bf3-463f-b723-3ab429a1ae7d",
            "78d3605a-56e5-47a5-a7f6-a8232cd7f0fc",
            "fe60d35e-331e-4ace-b5b1-7f647836520b",
            "2e67376d-320e-4ebb-a47e-3d0a4165aa55"
          ],
          "failures": [],
          "pending": [],
          "skipped": [],
          "duration": 1077,
          "root": false,
          "rootEmpty": false,
          "_timeout": 2000
        }
      ],
      "passes": [],
      "failures": [],
      "pending": [],
      "skipped": [],
      "duration": 0,
      "root": true,
      "rootEmpty": true,
      "_timeout": 2000
    }
  ],
  "meta": {
    "mocha": {
      "version": "7.0.1"
    },
    "mochawesome": {
      "options": {
        "quiet": false,
        "reportFilename": "mochawesome",
        "saveHtml": false,
        "saveJson": true,
        "consoleReporter": "spec",
        "useInlineDiffs": false,
        "code": true
      },
      "version": "7.1.3"
    },
    "marge": {
      "options": {
        "reportDir": "cypress/results",
        "overwrite": false,
        "html": false,
        "json": true
      },
      "version": "6.2.0"
    }
  }
}