<?xml version="1.0" encoding="UTF-8"?>
<testsuites name="Dropbox-API-upload/download-tests" tests="17" time="3.989">
  <testsuite name="Get token / Get token" id="e5206a87-a036-462f-b82f-d9f4c7be3bb2" timestamp="2022-10-04T22:31:16.415Z" tests="4" failures="0" errors="0" time="0.268">
    <testcase name="Check response time is less than 3000ms" time="0.268" classname="DropboxApiUploadDownloadTests"/>
    <testcase name="Check response status code is 200" time="0.268" classname="DropboxApiUploadDownloadTests"/>
    <testcase name="Check upload file status message to be 'OK'" time="0.268" classname="DropboxApiUploadDownloadTests"/>
    <testcase name="Check response body has key 'access_token'" time="0.268" classname="DropboxApiUploadDownloadTests"/>
  </testsuite>
  <testsuite name="Positive tests / Authorization tests / User authentication" id="747739cd-99da-418e-af44-dba827ca479f" timestamp="2022-10-04T22:31:16.415Z" tests="6" failures="0" errors="0" time="0.300">
    <testcase name="Check response time is less than 3000ms" time="0.300" classname="DropboxApiUploadDownloadTests"/>
    <testcase name="Check response status code is 200" time="0.300" classname="DropboxApiUploadDownloadTests"/>
    <testcase name="Check upload file status message to be 'OK'" time="0.300" classname="DropboxApiUploadDownloadTests"/>
    <testcase name="Check response header 'Content-Type' and its value is 'application/json'" time="0.300" classname="DropboxApiUploadDownloadTests"/>
    <testcase name="Check response header 'Content-Security-Policy' and its value" time="0.300" classname="DropboxApiUploadDownloadTests"/>
    <testcase name="Check response body has key with value" time="0.300" classname="DropboxApiUploadDownloadTests"/>
  </testsuite>
  <testsuite name="Positive tests / Authorization tests / Check app" id="e15aafc4-953b-460d-bac4-1fe8ea2d0f65" timestamp="2022-10-04T22:31:16.415Z" tests="6" failures="0" errors="0" time="0.104">
    <testcase name="Check response time is less than 3000ms" time="0.104" classname="DropboxApiUploadDownloadTests"/>
    <testcase name="Check response status code is 200" time="0.104" classname="DropboxApiUploadDownloadTests"/>
    <testcase name="Check upload file status message to be 'OK'" time="0.104" classname="DropboxApiUploadDownloadTests"/>
    <testcase name="Check response header 'Content-Type' and its value is 'application/json'" time="0.104" classname="DropboxApiUploadDownloadTests"/>
    <testcase name="Check response header 'Content-Security-Policy' and its value" time="0.104" classname="DropboxApiUploadDownloadTests"/>
    <testcase name="Check response body has key with value" time="0.104" classname="DropboxApiUploadDownloadTests"/>
  </testsuite>
  <testsuite name="Positive tests / Upload file tests / File upload test" id="95125f60-7f5f-449b-af25-5fc1eacd1b98" timestamp="2022-10-04T22:31:16.415Z" tests="9" failures="0" errors="0" time="0.946">
    <testcase name="Check response time is less than 3000ms" time="0.946" classname="DropboxApiUploadDownloadTests"/>
    <testcase name="Check response status code is 200" time="0.946" classname="DropboxApiUploadDownloadTests"/>
    <testcase name="Check upload file status message to be 'OK'" time="0.946" classname="DropboxApiUploadDownloadTests"/>
    <testcase name="Check 'Strict-Transport-Security' response header value is 'max-age=31536000; includeSubDomains; preload'" time="0.946" classname="DropboxApiUploadDownloadTests"/>
    <testcase name="Check response has key 'name' with value equal to uploaded file name" time="0.946" classname="DropboxApiUploadDownloadTests"/>
    <testcase name="Check response keys length is equal 10" time="0.946" classname="DropboxApiUploadDownloadTests"/>
    <testcase name="Check response keys are present" time="0.946" classname="DropboxApiUploadDownloadTests"/>
    <testcase name="Check response 'is_downloadable' value" time="0.946" classname="DropboxApiUploadDownloadTests"/>
    <testcase name="Validate response json schema" time="0.946" classname="DropboxApiUploadDownloadTests"/>
  </testsuite>
  <testsuite name="Positive tests / Upload file tests / Search uploaded file" id="a3613f65-5754-4a59-a8b4-b300e3824f78" timestamp="2022-10-04T22:31:16.415Z" tests="8" failures="0" errors="0" time="0.253">
    <testcase name="Check response time is less than 3000ms" time="0.253" classname="DropboxApiUploadDownloadTests"/>
    <testcase name="Check response status code is 200" time="0.253" classname="DropboxApiUploadDownloadTests"/>
    <testcase name="Check upload file status message to be 'OK'" time="0.253" classname="DropboxApiUploadDownloadTests"/>
    <testcase name="Check response header 'Content-Security-Policy' value is 'sandbox" time="0.253" classname="DropboxApiUploadDownloadTests"/>
    <testcase name="Check response header 'Content-Type' and its value is 'application/json'" time="0.253" classname="DropboxApiUploadDownloadTests"/>
    <testcase name="Check response keys length is equal 1" time="0.253" classname="DropboxApiUploadDownloadTests"/>
    <testcase name="Check response key 'has_more' value equal to 'false'" time="0.253" classname="DropboxApiUploadDownloadTests"/>
    <testcase name="Validate response json schema" time="0.253" classname="DropboxApiUploadDownloadTests"/>
  </testsuite>
  <testsuite name="Positive tests / Get File Metadata tests / Get uploaded file via search endpoint" id="70fd910c-1580-4471-bdbd-d8415f95fd1d" timestamp="2022-10-04T22:31:16.415Z" tests="12" failures="0" errors="0" time="0.206">
    <testcase name="Check response time is less than 3000ms" time="0.206" classname="DropboxApiUploadDownloadTests"/>
    <testcase name="Check response status code is 200" time="0.206" classname="DropboxApiUploadDownloadTests"/>
    <testcase name="Check upload file status message to be 'OK'" time="0.206" classname="DropboxApiUploadDownloadTests"/>
    <testcase name="Check response header 'Content-Type' and its value is 'application/json'" time="0.206" classname="DropboxApiUploadDownloadTests"/>
    <testcase name="Check metadadta has key 'name' with value equal to uploaded file name" time="0.206" classname="DropboxApiUploadDownloadTests"/>
    <testcase name="Check response keys length is 1" time="0.206" classname="DropboxApiUploadDownloadTests"/>
    <testcase name="Check metadata 'name' key has value 'text.txt'" time="0.206" classname="DropboxApiUploadDownloadTests"/>
    <testcase name="Check metadata 'id' key has value 'id:kNz2VS8OLSwAAAAAAAAAjQ'" time="0.206" classname="DropboxApiUploadDownloadTests"/>
    <testcase name="Check metadata 'content_hash' key has value 'fd2112ca5793b05e935205bb9891410beb1df1076f60d6dcc754c7377edf6fdc'" time="0.206" classname="DropboxApiUploadDownloadTests"/>
    <testcase name="Check metadata 'is_downloadable' key has value 'true'" time="0.206" classname="DropboxApiUploadDownloadTests"/>
    <testcase name="Check metadata 'size' key has value '19'" time="0.206" classname="DropboxApiUploadDownloadTests"/>
    <testcase name="Validate response json schema" time="0.206" classname="DropboxApiUploadDownloadTests"/>
  </testsuite>
  <testsuite name="Positive tests / Get File Metadata tests / Get uploaded file metadata via metadata endpoint" id="654edd24-0acb-47b1-8df9-17d441b50e24" timestamp="2022-10-04T22:31:16.415Z" tests="6" failures="0" errors="0" time="0.152">
    <testcase name="Check response time is less than 3000ms" time="0.152" classname="DropboxApiUploadDownloadTests"/>
    <testcase name="Check response status code is 200" time="0.152" classname="DropboxApiUploadDownloadTests"/>
    <testcase name="Check upload file status message to be 'OK'" time="0.152" classname="DropboxApiUploadDownloadTests"/>
    <testcase name="Check response header 'Content-Type' and its value is 'application/json'" time="0.152" classname="DropboxApiUploadDownloadTests"/>
    <testcase name="Check response keys length is equal 11" time="0.152" classname="DropboxApiUploadDownloadTests"/>
    <testcase name="Check response keys values are equal text.txt,/text.txt,/text.txt,id:kNz2VS8OLSwAAAAAAAAAjQ,2022-10-04T22:31:18Z,2022-10-04T22:31:18Z,5ea3d04cff62cb94ae2f1,19,true,fd2112ca5793b05e935205bb9891410beb1df1076f60d6dcc754c7377edf6fdc" time="0.152" classname="DropboxApiUploadDownloadTests"/>
  </testsuite>
  <testsuite name="Positive tests / Delete file tests / Delete uploaded file" id="493187d1-21e8-462f-af63-67395b41df30" timestamp="2022-10-04T22:31:16.415Z" tests="6" failures="0" errors="0" time="0.757">
    <testcase name="Check response time is less than 3000ms" time="0.757" classname="DropboxApiUploadDownloadTests"/>
    <testcase name="Check response status code is 200" time="0.757" classname="DropboxApiUploadDownloadTests"/>
    <testcase name="Check upload file status message to be 'OK'" time="0.757" classname="DropboxApiUploadDownloadTests"/>
    <testcase name="Check response header 'Content-Type' and its value is 'application/json'" time="0.757" classname="DropboxApiUploadDownloadTests"/>
    <testcase name="Check response keys length is equal 11" time="0.757" classname="DropboxApiUploadDownloadTests"/>
    <testcase name="Check response keys values are equal text.txt,/text.txt,/text.txt,id:kNz2VS8OLSwAAAAAAAAAjQ,2022-10-04T22:31:18Z,2022-10-04T22:31:18Z,5ea3d04cff62cb94ae2f1,19,true,fd2112ca5793b05e935205bb9891410beb1df1076f60d6dcc754c7377edf6fdc" time="0.757" classname="DropboxApiUploadDownloadTests"/>
  </testsuite>
  <testsuite name="Negative tests / wrong endpoint / File upload test wrong endpoint" id="12e7e7d2-2d1e-4853-82f2-6ec7dad49ce5" timestamp="2022-10-04T22:31:16.415Z" tests="3" failures="0" errors="0" time="0.084">
    <testcase name="Check response time is less than 3000ms" time="0.084" classname="DropboxApiUploadDownloadTests"/>
    <testcase name="Check upload file status message to be one of 'Bad Request,Conflict,Not Found'" time="0.084" classname="DropboxApiUploadDownloadTests"/>
    <testcase name="Check upload file status code is one of [400, 404, 409]" time="0.084" classname="DropboxApiUploadDownloadTests"/>
  </testsuite>
  <testsuite name="Negative tests / wrong endpoint / Search uploaded file wrong endpoint" id="0035e2af-5535-48c8-8562-a0380b3fb92f" timestamp="2022-10-04T22:31:16.415Z" tests="3" failures="0" errors="0" time="0.087">
    <testcase name="Check response time is less than 3000ms" time="0.087" classname="DropboxApiUploadDownloadTests"/>
    <testcase name="Check upload file status message to be one of 'Bad Request,Conflict,Not Found'" time="0.087" classname="DropboxApiUploadDownloadTests"/>
    <testcase name="Check upload file status code is one of [400, 404, 409]" time="0.087" classname="DropboxApiUploadDownloadTests"/>
  </testsuite>
  <testsuite name="Negative tests / wrong endpoint / Get uploaded file metadata wrong endpoint" id="81395306-69cb-43a5-b5ef-fb3096aa8fb6" timestamp="2022-10-04T22:31:16.415Z" tests="3" failures="0" errors="0" time="0.087">
    <testcase name="Check response time is less than 3000ms" time="0.087" classname="DropboxApiUploadDownloadTests"/>
    <testcase name="Check upload file status message to be one of 'Bad Request,Conflict,Not Found'" time="0.087" classname="DropboxApiUploadDownloadTests"/>
    <testcase name="Check upload file status code is one of [400, 404, 409]" time="0.087" classname="DropboxApiUploadDownloadTests"/>
  </testsuite>
  <testsuite name="Negative tests / wrong endpoint / Delete uploaded file wrong endpoint" id="606c5518-c997-4f79-acdd-de12970e4564" timestamp="2022-10-04T22:31:16.415Z" tests="3" failures="0" errors="0" time="0.087">
    <testcase name="Check response time is less than 3000ms" time="0.087" classname="DropboxApiUploadDownloadTests"/>
    <testcase name="Check upload file status message to be one of 'Bad Request,Conflict,Not Found'" time="0.087" classname="DropboxApiUploadDownloadTests"/>
    <testcase name="Check upload file status code is one of [400, 404, 409]" time="0.087" classname="DropboxApiUploadDownloadTests"/>
  </testsuite>
  <testsuite name="Negative tests / wrong request body / Search uploaded file wrong request body" id="29b051d0-d67d-40f0-926c-b6c73511d3cf" timestamp="2022-10-04T22:31:16.415Z" tests="3" failures="0" errors="0" time="0.094">
    <testcase name="Check response time is less than 3000ms" time="0.094" classname="DropboxApiUploadDownloadTests"/>
    <testcase name="Check upload file status message to be one of 'Bad Request,Conflict,Not Found'" time="0.094" classname="DropboxApiUploadDownloadTests"/>
    <testcase name="Check upload file status code is one of [400, 404, 409]" time="0.094" classname="DropboxApiUploadDownloadTests"/>
  </testsuite>
  <testsuite name="Negative tests / wrong request body / Get uploaded file metadata wrong body 'path' key value" id="16b3666a-97f3-442e-a5e0-ea315758d446" timestamp="2022-10-04T22:31:16.415Z" tests="4" failures="0" errors="0" time="0.139">
    <testcase name="Check response time is less than 3000ms" time="0.139" classname="DropboxApiUploadDownloadTests"/>
    <testcase name="Check upload file status message to be one of 'Bad Request,Conflict,Not Found'" time="0.139" classname="DropboxApiUploadDownloadTests"/>
    <testcase name="Check upload file status code is one of [400, 404, 409]" time="0.139" classname="DropboxApiUploadDownloadTests"/>
    <testcase name="Check response has error keys 'error_summary,error''" time="0.139" classname="DropboxApiUploadDownloadTests"/>
  </testsuite>
  <testsuite name="Negative tests / wrong request body / Delete uploaded file wrong response body 'path' key value" id="c3dd8d2b-5442-49e6-81c5-07df6864e633" timestamp="2022-10-04T22:31:16.415Z" tests="4" failures="0" errors="0" time="0.162">
    <testcase name="Check response time is less than 3000ms" time="0.162" classname="DropboxApiUploadDownloadTests"/>
    <testcase name="Check upload file status message to be one of 'Bad Request,Conflict,Not Found'" time="0.162" classname="DropboxApiUploadDownloadTests"/>
    <testcase name="Check upload file status code is one of [400, 404, 409]" time="0.162" classname="DropboxApiUploadDownloadTests"/>
    <testcase name="Check response has error keys 'error_summary,error''" time="0.162" classname="DropboxApiUploadDownloadTests"/>
  </testsuite>
  <testsuite name="Negative tests / File upload test wrong Header 'Content-Type" id="73026ba5-f23c-4f0a-a95a-323a3e559416" timestamp="2022-10-04T22:31:16.415Z" tests="3" failures="0" errors="0" time="0.100">
    <testcase name="Check response time is less than 3000ms" time="0.100" classname="DropboxApiUploadDownloadTests"/>
    <testcase name="Check upload file status message to be one of 'Bad Request,Conflict,Not Found'" time="0.100" classname="DropboxApiUploadDownloadTests"/>
    <testcase name="Check upload file status code is one of [400, 404, 409]" time="0.100" classname="DropboxApiUploadDownloadTests"/>
  </testsuite>
  <testsuite name="Negative tests / Repeat delete uploaded file" id="030d36d8-393e-4bea-bcf8-61814d1d8bbd" timestamp="2022-10-04T22:31:16.415Z" tests="4" failures="0" errors="0" time="0.163">
    <testcase name="Check response time is less than 3000ms" time="0.163" classname="DropboxApiUploadDownloadTests"/>
    <testcase name="Check upload file status message to be one of 'Bad Request,Conflict,Not Found'" time="0.163" classname="DropboxApiUploadDownloadTests"/>
    <testcase name="Check upload file status code is one of [400, 404, 409]" time="0.163" classname="DropboxApiUploadDownloadTests"/>
    <testcase name="Check response has error keys 'error_summary,error''" time="0.163" classname="DropboxApiUploadDownloadTests"/>
  </testsuite>
</testsuites>