<?xml version="1.0" encoding="UTF-8"?>
<testsuites name="Dropbox-API-upload/download-tests" tests="17" time="0.772">
  <testsuite name="Get token / Get token" id="42d81468-916e-4e1a-b323-bb6d4b7f603e" timestamp="2023-04-16T16:09:44.600Z" tests="4" failures="3" errors="0" time="0.168">
    <testcase name="Check response time is less than 3000ms" time="0.168" classname="DropboxApiUploadDownloadTests"/>
    <testcase name="Check response status code is 200" time="0.168" classname="DropboxApiUploadDownloadTests">
      <failure type="AssertionFailure" message="expected response to have status code 200 but got 400">
        <![CDATA[Failed 1 times.]]>
        <![CDATA[Collection JSON ID: 9a3b310c-8828-4db2-a2e1-5712c75dc6e0.]]>
        <![CDATA[Collection name: Dropbox-API-upload/download-tests.]]>
        <![CDATA[Request name: Get token / Get token.]]>
        <![CDATA[Test description: Check response status code is 200.]]>
        <![CDATA[Error message: expected response to have status code 200 but got 400.]]>
        <![CDATA[Stacktrace: AssertionError: expected response to have status code 200 but got 400
   at Object.eval sandbox-script.js:1:1).]]>
      </failure>
    </testcase>
    <testcase name="Check upload file status message to be 'OK'" time="0.168" classname="DropboxApiUploadDownloadTests">
      <failure type="AssertionFailure" message="expected 'Bad Request' to equal 'OK'">
        <![CDATA[Failed 1 times.]]>
        <![CDATA[Collection JSON ID: 9a3b310c-8828-4db2-a2e1-5712c75dc6e0.]]>
        <![CDATA[Collection name: Dropbox-API-upload/download-tests.]]>
        <![CDATA[Request name: Get token / Get token.]]>
        <![CDATA[Test description: Check upload file status message to be 'OK'.]]>
        <![CDATA[Error message: expected 'Bad Request' to equal 'OK'.]]>
        <![CDATA[Stacktrace: AssertionError: expected 'Bad Request' to equal 'OK'
   at Object.eval sandbox-script.js:2:1).]]>
      </failure>
    </testcase>
    <testcase name="Check response body has key 'access_token'" time="0.168" classname="DropboxApiUploadDownloadTests">
      <failure type="AssertionFailure" message="expected { Object (error, error_description) } to contain key 'access_token'">
        <![CDATA[Failed 1 times.]]>
        <![CDATA[Collection JSON ID: 9a3b310c-8828-4db2-a2e1-5712c75dc6e0.]]>
        <![CDATA[Collection name: Dropbox-API-upload/download-tests.]]>
        <![CDATA[Request name: Get token / Get token.]]>
        <![CDATA[Test description: Check response body has key 'access_token'.]]>
        <![CDATA[Error message: expected { Object (error, error_description) } to contain key 'access_token'.]]>
        <![CDATA[Stacktrace: AssertionError: expected { Object (error, error_description) } to contain key 'access_token'
   at Object.eval sandbox-script.js:3:1).]]>
      </failure>
    </testcase>
  </testsuite>
  <testsuite name="Positive tests / Authorization tests / User authentication" id="dc068356-7cc0-43de-9d3d-1995fe20d4f9" timestamp="2023-04-16T16:09:44.600Z" tests="6" failures="4" errors="0" time="0.125">
    <testcase name="Check response time is less than 3000ms" time="0.125" classname="DropboxApiUploadDownloadTests"/>
    <testcase name="Check response status code is 200" time="0.125" classname="DropboxApiUploadDownloadTests">
      <failure type="AssertionFailure" message="expected response to have status code 200 but got 401">
        <![CDATA[Failed 1 times.]]>
        <![CDATA[Collection JSON ID: 9a3b310c-8828-4db2-a2e1-5712c75dc6e0.]]>
        <![CDATA[Collection name: Dropbox-API-upload/download-tests.]]>
        <![CDATA[Request name: Positive tests / Authorization tests / User authentication.]]>
        <![CDATA[Test description: Check response status code is 200.]]>
        <![CDATA[Error message: expected response to have status code 200 but got 401.]]>
        <![CDATA[Stacktrace: AssertionError: expected response to have status code 200 but got 401
   at Object.eval sandbox-script.js:1:2).]]>
      </failure>
    </testcase>
    <testcase name="Check upload file status message to be 'OK'" time="0.125" classname="DropboxApiUploadDownloadTests">
      <failure type="AssertionFailure" message="expected 'Unauthorized' to equal 'OK'">
        <![CDATA[Failed 1 times.]]>
        <![CDATA[Collection JSON ID: 9a3b310c-8828-4db2-a2e1-5712c75dc6e0.]]>
        <![CDATA[Collection name: Dropbox-API-upload/download-tests.]]>
        <![CDATA[Request name: Positive tests / Authorization tests / User authentication.]]>
        <![CDATA[Test description: Check upload file status message to be 'OK'.]]>
        <![CDATA[Error message: expected 'Unauthorized' to equal 'OK'.]]>
        <![CDATA[Stacktrace: AssertionError: expected 'Unauthorized' to equal 'OK'
   at Object.eval sandbox-script.js:2:2).]]>
      </failure>
    </testcase>
    <testcase name="Check response header 'Content-Type' and its value is 'application/json'" time="0.125" classname="DropboxApiUploadDownloadTests"/>
    <testcase name="Check response header 'Content-Security-Policy' and its value" time="0.125" classname="DropboxApiUploadDownloadTests">
      <failure type="AssertionFailure" message="expected response to have header with key 'Content-Security-Policy'">
        <![CDATA[Failed 1 times.]]>
        <![CDATA[Collection JSON ID: 9a3b310c-8828-4db2-a2e1-5712c75dc6e0.]]>
        <![CDATA[Collection name: Dropbox-API-upload/download-tests.]]>
        <![CDATA[Request name: Positive tests / Authorization tests / User authentication.]]>
        <![CDATA[Test description: Check response header 'Content-Security-Policy' and its value.]]>
        <![CDATA[Error message: expected response to have header with key 'Content-Security-Policy'.]]>
        <![CDATA[Stacktrace: AssertionError: expected response to have header with key 'Content-Security-Policy'
   at Object.eval sandbox-script.js:2:2).]]>
      </failure>
    </testcase>
    <testcase name="Check response body has key with value" time="0.125" classname="DropboxApiUploadDownloadTests">
      <failure type="AssertionFailure" message="expected undefined to deeply equal 'test'">
        <![CDATA[Failed 1 times.]]>
        <![CDATA[Collection JSON ID: 9a3b310c-8828-4db2-a2e1-5712c75dc6e0.]]>
        <![CDATA[Collection name: Dropbox-API-upload/download-tests.]]>
        <![CDATA[Request name: Positive tests / Authorization tests / User authentication.]]>
        <![CDATA[Test description: Check response body has key with value.]]>
        <![CDATA[Error message: expected undefined to deeply equal 'test'.]]>
        <![CDATA[Stacktrace: AssertionError: expected undefined to deeply equal 'test'
   at Object.eval sandbox-script.js:3:2).]]>
      </failure>
    </testcase>
  </testsuite>
  <testsuite name="Positive tests / Authorization tests / Check app" id="7d68447e-f128-483b-b196-955027d39b57" timestamp="2023-04-16T16:09:44.600Z" tests="6" failures="0" errors="0" time="0.037">
    <testcase name="Check response time is less than 3000ms" time="0.037" classname="DropboxApiUploadDownloadTests"/>
    <testcase name="Check response status code is 200" time="0.037" classname="DropboxApiUploadDownloadTests"/>
    <testcase name="Check upload file status message to be 'OK'" time="0.037" classname="DropboxApiUploadDownloadTests"/>
    <testcase name="Check response header 'Content-Type' and its value is 'application/json'" time="0.037" classname="DropboxApiUploadDownloadTests"/>
    <testcase name="Check response header 'Content-Security-Policy' and its value" time="0.037" classname="DropboxApiUploadDownloadTests"/>
    <testcase name="Check response body has key with value" time="0.037" classname="DropboxApiUploadDownloadTests"/>
  </testsuite>
  <testsuite name="Positive tests / Upload file tests / File upload test" id="732b0ce8-8ee4-4cd0-b3a6-1965279c5198" timestamp="2023-04-16T16:09:44.600Z" tests="4" failures="2" errors="1" time="0.098">
    <system-err><![CDATA[Iteration: 0

---
testScriptError: Unexpected token 'E' at 1:1
Error in call to API function "files/upload": The given OAuth 2 access token is
^
---
]]></system-err>
    <testcase name="Check response time is less than 3000ms" time="0.098" classname="DropboxApiUploadDownloadTests"/>
    <testcase name="Check response status code is 200" time="0.098" classname="DropboxApiUploadDownloadTests">
      <failure type="AssertionFailure" message="expected response to have status code 200 but got 400">
        <![CDATA[Failed 1 times.]]>
        <![CDATA[Collection JSON ID: 9a3b310c-8828-4db2-a2e1-5712c75dc6e0.]]>
        <![CDATA[Collection name: Dropbox-API-upload/download-tests.]]>
        <![CDATA[Request name: Positive tests / Upload file tests / File upload test.]]>
        <![CDATA[Test description: Check response status code is 200.]]>
        <![CDATA[Error message: expected response to have status code 200 but got 400.]]>
        <![CDATA[Stacktrace: AssertionError: expected response to have status code 200 but got 400
   at Object.eval sandbox-script.js:1:4).]]>
      </failure>
    </testcase>
    <testcase name="Check upload file status message to be 'OK'" time="0.098" classname="DropboxApiUploadDownloadTests">
      <failure type="AssertionFailure" message="expected 'Bad Request' to equal 'OK'">
        <![CDATA[Failed 1 times.]]>
        <![CDATA[Collection JSON ID: 9a3b310c-8828-4db2-a2e1-5712c75dc6e0.]]>
        <![CDATA[Collection name: Dropbox-API-upload/download-tests.]]>
        <![CDATA[Request name: Positive tests / Upload file tests / File upload test.]]>
        <![CDATA[Test description: Check upload file status message to be 'OK'.]]>
        <![CDATA[Error message: expected 'Bad Request' to equal 'OK'.]]>
        <![CDATA[Stacktrace: AssertionError: expected 'Bad Request' to equal 'OK'
   at Object.eval sandbox-script.js:2:4).]]>
      </failure>
    </testcase>
    <testcase name="Check 'Strict-Transport-Security' response header value is 'max-age=31536000; includeSubDomains; preload'" time="0.098" classname="DropboxApiUploadDownloadTests"/>
  </testsuite>
  <testsuite name="Positive tests / Upload file tests / Search uploaded file" id="7ee959f0-6853-42ce-800b-c9a1d695f3c7" timestamp="2023-04-16T16:09:44.600Z" tests="8" failures="6" errors="0" time="0.031">
    <testcase name="Check response time is less than 3000ms" time="0.031" classname="DropboxApiUploadDownloadTests"/>
    <testcase name="Check response status code is 200" time="0.031" classname="DropboxApiUploadDownloadTests">
      <failure type="AssertionFailure" message="expected response to have status code 200 but got 401">
        <![CDATA[Failed 1 times.]]>
        <![CDATA[Collection JSON ID: 9a3b310c-8828-4db2-a2e1-5712c75dc6e0.]]>
        <![CDATA[Collection name: Dropbox-API-upload/download-tests.]]>
        <![CDATA[Request name: Positive tests / Upload file tests / Search uploaded file.]]>
        <![CDATA[Test description: Check response status code is 200.]]>
        <![CDATA[Error message: expected response to have status code 200 but got 401.]]>
        <![CDATA[Stacktrace: AssertionError: expected response to have status code 200 but got 401
   at Object.eval sandbox-script.js:1:5).]]>
      </failure>
    </testcase>
    <testcase name="Check upload file status message to be 'OK'" time="0.031" classname="DropboxApiUploadDownloadTests">
      <failure type="AssertionFailure" message="expected 'Unauthorized' to equal 'OK'">
        <![CDATA[Failed 1 times.]]>
        <![CDATA[Collection JSON ID: 9a3b310c-8828-4db2-a2e1-5712c75dc6e0.]]>
        <![CDATA[Collection name: Dropbox-API-upload/download-tests.]]>
        <![CDATA[Request name: Positive tests / Upload file tests / Search uploaded file.]]>
        <![CDATA[Test description: Check upload file status message to be 'OK'.]]>
        <![CDATA[Error message: expected 'Unauthorized' to equal 'OK'.]]>
        <![CDATA[Stacktrace: AssertionError: expected 'Unauthorized' to equal 'OK'
   at Object.eval sandbox-script.js:2:5).]]>
      </failure>
    </testcase>
    <testcase name="Check response header 'Content-Security-Policy' value is 'sandbox" time="0.031" classname="DropboxApiUploadDownloadTests">
      <failure type="AssertionFailure" message="expected response to have header with key 'Content-Security-Policy'">
        <![CDATA[Failed 1 times.]]>
        <![CDATA[Collection JSON ID: 9a3b310c-8828-4db2-a2e1-5712c75dc6e0.]]>
        <![CDATA[Collection name: Dropbox-API-upload/download-tests.]]>
        <![CDATA[Request name: Positive tests / Upload file tests / Search uploaded file.]]>
        <![CDATA[Test description: Check response header 'Content-Security-Policy' value is 'sandbox.]]>
        <![CDATA[Error message: expected response to have header with key 'Content-Security-Policy'.]]>
        <![CDATA[Stacktrace: AssertionError: expected response to have header with key 'Content-Security-Policy'
   at Object.eval sandbox-script.js:1:5).]]>
      </failure>
    </testcase>
    <testcase name="Check response header 'Content-Type' and its value is 'application/json'" time="0.031" classname="DropboxApiUploadDownloadTests"/>
    <testcase name="Check response keys length is equal 1" time="0.031" classname="DropboxApiUploadDownloadTests">
      <failure type="AssertionFailure" message="Cannot read properties of undefined (reading 'length')">
        <![CDATA[Failed 1 times.]]>
        <![CDATA[Collection JSON ID: 9a3b310c-8828-4db2-a2e1-5712c75dc6e0.]]>
        <![CDATA[Collection name: Dropbox-API-upload/download-tests.]]>
        <![CDATA[Request name: Positive tests / Upload file tests / Search uploaded file.]]>
        <![CDATA[Test description: Check response keys length is equal 1.]]>
        <![CDATA[Error message: Cannot read properties of undefined (reading 'length').]]>
        <![CDATA[Stacktrace: TypeError: Cannot read properties of undefined (reading 'length')
   at Object.eval sandbox-script.js:3:5).]]>
      </failure>
    </testcase>
    <testcase name="Check response key 'has_more' value equal to 'false'" time="0.031" classname="DropboxApiUploadDownloadTests">
      <failure type="AssertionFailure" message="expected undefined to deeply equal false">
        <![CDATA[Failed 1 times.]]>
        <![CDATA[Collection JSON ID: 9a3b310c-8828-4db2-a2e1-5712c75dc6e0.]]>
        <![CDATA[Collection name: Dropbox-API-upload/download-tests.]]>
        <![CDATA[Request name: Positive tests / Upload file tests / Search uploaded file.]]>
        <![CDATA[Test description: Check response key 'has_more' value equal to 'false'.]]>
        <![CDATA[Error message: expected undefined to deeply equal false.]]>
        <![CDATA[Stacktrace: AssertionError: expected undefined to deeply equal false
   at Object.eval sandbox-script.js:4:5).]]>
      </failure>
    </testcase>
    <testcase name="Validate response json schema" time="0.031" classname="DropboxApiUploadDownloadTests">
      <failure type="AssertionFailure" message="expected data to satisfy schema but found following errors: &#xA;data should have required property 'has_more', data should have required property 'matches'">
        <![CDATA[Failed 1 times.]]>
        <![CDATA[Collection JSON ID: 9a3b310c-8828-4db2-a2e1-5712c75dc6e0.]]>
        <![CDATA[Collection name: Dropbox-API-upload/download-tests.]]>
        <![CDATA[Request name: Positive tests / Upload file tests / Search uploaded file.]]>
        <![CDATA[Test description: Validate response json schema.]]>
        <![CDATA[Error message: expected data to satisfy schema but found following errors: 
data should have required property 'has_more', data should have required property 'matches'.]]>
        <![CDATA[Stacktrace: AssertionError: expected data to satisfy schema but found following errors: 
data should have required property 'has_more', data should have required property 'matches'
   at Object.eval sandbox-script.js:5:5).]]>
      </failure>
    </testcase>
  </testsuite>
  <testsuite name="Positive tests / Get File Metadata tests / Get uploaded file via search endpoint" id="8c09b8a0-8a3c-47b5-b899-586bb6343aaf" timestamp="2023-04-16T16:09:44.600Z" tests="4" failures="2" errors="1" time="0.017">
    <system-err><![CDATA[Iteration: 0

---
testScriptError: Cannot read properties of undefined (reading '0')
---
]]></system-err>
    <testcase name="Check response time is less than 3000ms" time="0.017" classname="DropboxApiUploadDownloadTests"/>
    <testcase name="Check response status code is 200" time="0.017" classname="DropboxApiUploadDownloadTests">
      <failure type="AssertionFailure" message="expected response to have status code 200 but got 401">
        <![CDATA[Failed 1 times.]]>
        <![CDATA[Collection JSON ID: 9a3b310c-8828-4db2-a2e1-5712c75dc6e0.]]>
        <![CDATA[Collection name: Dropbox-API-upload/download-tests.]]>
        <![CDATA[Request name: Positive tests / Get File Metadata tests / Get uploaded file via search endpoint.]]>
        <![CDATA[Test description: Check response status code is 200.]]>
        <![CDATA[Error message: expected response to have status code 200 but got 401.]]>
        <![CDATA[Stacktrace: AssertionError: expected response to have status code 200 but got 401
   at Object.eval sandbox-script.js:1:6).]]>
      </failure>
    </testcase>
    <testcase name="Check upload file status message to be 'OK'" time="0.017" classname="DropboxApiUploadDownloadTests">
      <failure type="AssertionFailure" message="expected 'Unauthorized' to equal 'OK'">
        <![CDATA[Failed 1 times.]]>
        <![CDATA[Collection JSON ID: 9a3b310c-8828-4db2-a2e1-5712c75dc6e0.]]>
        <![CDATA[Collection name: Dropbox-API-upload/download-tests.]]>
        <![CDATA[Request name: Positive tests / Get File Metadata tests / Get uploaded file via search endpoint.]]>
        <![CDATA[Test description: Check upload file status message to be 'OK'.]]>
        <![CDATA[Error message: expected 'Unauthorized' to equal 'OK'.]]>
        <![CDATA[Stacktrace: AssertionError: expected 'Unauthorized' to equal 'OK'
   at Object.eval sandbox-script.js:2:6).]]>
      </failure>
    </testcase>
    <testcase name="Check response header 'Content-Type' and its value is 'application/json'" time="0.017" classname="DropboxApiUploadDownloadTests"/>
  </testsuite>
  <testsuite name="Positive tests / Get File Metadata tests / Get uploaded file metadata via metadata endpoint" id="e034d293-63e4-4bf4-bcaa-0ba0a6c89684" timestamp="2023-04-16T16:09:44.600Z" tests="4" failures="3" errors="1" time="0.030">
    <system-err><![CDATA[Iteration: 0

---
testScriptError: Unexpected token 'E' at 1:1
Error in call to API function "files/get_metadata": The given OAuth 2 access to
^
---
]]></system-err>
    <testcase name="Check response time is less than 3000ms" time="0.030" classname="DropboxApiUploadDownloadTests"/>
    <testcase name="Check response status code is 200" time="0.030" classname="DropboxApiUploadDownloadTests">
      <failure type="AssertionFailure" message="expected response to have status code 200 but got 400">
        <![CDATA[Failed 1 times.]]>
        <![CDATA[Collection JSON ID: 9a3b310c-8828-4db2-a2e1-5712c75dc6e0.]]>
        <![CDATA[Collection name: Dropbox-API-upload/download-tests.]]>
        <![CDATA[Request name: Positive tests / Get File Metadata tests / Get uploaded file metadata via metadata endpoint.]]>
        <![CDATA[Test description: Check response status code is 200.]]>
        <![CDATA[Error message: expected response to have status code 200 but got 400.]]>
        <![CDATA[Stacktrace: AssertionError: expected response to have status code 200 but got 400
   at Object.eval sandbox-script.js:1:7).]]>
      </failure>
    </testcase>
    <testcase name="Check upload file status message to be 'OK'" time="0.030" classname="DropboxApiUploadDownloadTests">
      <failure type="AssertionFailure" message="expected 'Bad Request' to equal 'OK'">
        <![CDATA[Failed 1 times.]]>
        <![CDATA[Collection JSON ID: 9a3b310c-8828-4db2-a2e1-5712c75dc6e0.]]>
        <![CDATA[Collection name: Dropbox-API-upload/download-tests.]]>
        <![CDATA[Request name: Positive tests / Get File Metadata tests / Get uploaded file metadata via metadata endpoint.]]>
        <![CDATA[Test description: Check upload file status message to be 'OK'.]]>
        <![CDATA[Error message: expected 'Bad Request' to equal 'OK'.]]>
        <![CDATA[Stacktrace: AssertionError: expected 'Bad Request' to equal 'OK'
   at Object.eval sandbox-script.js:2:7).]]>
      </failure>
    </testcase>
    <testcase name="Check response header 'Content-Type' and its value is 'application/json'" time="0.030" classname="DropboxApiUploadDownloadTests">
      <failure type="AssertionFailure" message="expected 'Content-Type' response header to be 'application/json' but got 'text/plain; charset=utf-8'">
        <![CDATA[Failed 1 times.]]>
        <![CDATA[Collection JSON ID: 9a3b310c-8828-4db2-a2e1-5712c75dc6e0.]]>
        <![CDATA[Collection name: Dropbox-API-upload/download-tests.]]>
        <![CDATA[Request name: Positive tests / Get File Metadata tests / Get uploaded file metadata via metadata endpoint.]]>
        <![CDATA[Test description: Check response header 'Content-Type' and its value is 'application/json'.]]>
        <![CDATA[Error message: expected 'Content-Type' response header to be 'application/json' but got 'text/plain; charset=utf-8'.]]>
        <![CDATA[Stacktrace: AssertionError: expected 'Content-Type' response header to be 'application/json' but got 'text/plain; charset=utf-8'
   at Object.eval sandbox-script.js:1:7).]]>
      </failure>
    </testcase>
  </testsuite>
  <testsuite name="Positive tests / Delete file tests / Delete uploaded file" id="c79f92a0-c98b-40b6-89b1-4bc1ce333475" timestamp="2023-04-16T16:09:44.600Z" tests="4" failures="3" errors="1" time="0.058">
    <system-err><![CDATA[Iteration: 0

---
testScriptError: Unexpected token 'E' at 1:1
Error in call to API function "files/delete:2": The given OAuth 2 access token 
^
---
]]></system-err>
    <testcase name="Check response time is less than 3000ms" time="0.058" classname="DropboxApiUploadDownloadTests"/>
    <testcase name="Check response status code is 200" time="0.058" classname="DropboxApiUploadDownloadTests">
      <failure type="AssertionFailure" message="expected response to have status code 200 but got 400">
        <![CDATA[Failed 1 times.]]>
        <![CDATA[Collection JSON ID: 9a3b310c-8828-4db2-a2e1-5712c75dc6e0.]]>
        <![CDATA[Collection name: Dropbox-API-upload/download-tests.]]>
        <![CDATA[Request name: Positive tests / Delete file tests / Delete uploaded file.]]>
        <![CDATA[Test description: Check response status code is 200.]]>
        <![CDATA[Error message: expected response to have status code 200 but got 400.]]>
        <![CDATA[Stacktrace: AssertionError: expected response to have status code 200 but got 400
   at Object.eval sandbox-script.js:1:8).]]>
      </failure>
    </testcase>
    <testcase name="Check upload file status message to be 'OK'" time="0.058" classname="DropboxApiUploadDownloadTests">
      <failure type="AssertionFailure" message="expected 'Bad Request' to equal 'OK'">
        <![CDATA[Failed 1 times.]]>
        <![CDATA[Collection JSON ID: 9a3b310c-8828-4db2-a2e1-5712c75dc6e0.]]>
        <![CDATA[Collection name: Dropbox-API-upload/download-tests.]]>
        <![CDATA[Request name: Positive tests / Delete file tests / Delete uploaded file.]]>
        <![CDATA[Test description: Check upload file status message to be 'OK'.]]>
        <![CDATA[Error message: expected 'Bad Request' to equal 'OK'.]]>
        <![CDATA[Stacktrace: AssertionError: expected 'Bad Request' to equal 'OK'
   at Object.eval sandbox-script.js:2:8).]]>
      </failure>
    </testcase>
    <testcase name="Check response header 'Content-Type' and its value is 'application/json'" time="0.058" classname="DropboxApiUploadDownloadTests">
      <failure type="AssertionFailure" message="expected 'Content-Type' response header to be 'application/json' but got 'text/plain; charset=utf-8'">
        <![CDATA[Failed 1 times.]]>
        <![CDATA[Collection JSON ID: 9a3b310c-8828-4db2-a2e1-5712c75dc6e0.]]>
        <![CDATA[Collection name: Dropbox-API-upload/download-tests.]]>
        <![CDATA[Request name: Positive tests / Delete file tests / Delete uploaded file.]]>
        <![CDATA[Test description: Check response header 'Content-Type' and its value is 'application/json'.]]>
        <![CDATA[Error message: expected 'Content-Type' response header to be 'application/json' but got 'text/plain; charset=utf-8'.]]>
        <![CDATA[Stacktrace: AssertionError: expected 'Content-Type' response header to be 'application/json' but got 'text/plain; charset=utf-8'
   at Object.eval sandbox-script.js:1:8).]]>
      </failure>
    </testcase>
  </testsuite>
  <testsuite name="Negative tests / wrong endpoint / File upload test wrong endpoint" id="4f9774a3-b53b-4c98-8fa0-01d97d16a83d" timestamp="2023-04-16T16:09:44.600Z" tests="3" failures="0" errors="0" time="0.017">
    <testcase name="Check response time is less than 3000ms" time="0.017" classname="DropboxApiUploadDownloadTests"/>
    <testcase name="Check upload file status message to be one of Bad Request,Conflict,Not Found" time="0.017" classname="DropboxApiUploadDownloadTests"/>
    <testcase name="Check upload file status code is one of [400, 404, 409]" time="0.017" classname="DropboxApiUploadDownloadTests"/>
  </testsuite>
  <testsuite name="Negative tests / wrong endpoint / Search uploaded file wrong endpoint" id="9a13224e-826d-4aa7-b5e1-880f95815863" timestamp="2023-04-16T16:09:44.600Z" tests="3" failures="0" errors="0" time="0.015">
    <testcase name="Check response time is less than 3000ms" time="0.015" classname="DropboxApiUploadDownloadTests"/>
    <testcase name="Check upload file status message to be one of Bad Request,Conflict,Not Found" time="0.015" classname="DropboxApiUploadDownloadTests"/>
    <testcase name="Check upload file status code is one of [400, 404, 409]" time="0.015" classname="DropboxApiUploadDownloadTests"/>
  </testsuite>
  <testsuite name="Negative tests / wrong endpoint / Get uploaded file metadata wrong endpoint" id="e9accf5d-e5a1-4ebb-9aae-5fb249308b9b" timestamp="2023-04-16T16:09:44.600Z" tests="3" failures="0" errors="0" time="0.014">
    <testcase name="Check response time is less than 3000ms" time="0.014" classname="DropboxApiUploadDownloadTests"/>
    <testcase name="Check upload file status message to be one of Bad Request,Conflict,Not Found" time="0.014" classname="DropboxApiUploadDownloadTests"/>
    <testcase name="Check upload file status code is one of [400, 404, 409]" time="0.014" classname="DropboxApiUploadDownloadTests"/>
  </testsuite>
  <testsuite name="Negative tests / wrong endpoint / Delete uploaded file wrong endpoint" id="a94b5d92-4cdd-4573-97e5-63c2561b90a4" timestamp="2023-04-16T16:09:44.600Z" tests="3" failures="0" errors="0" time="0.021">
    <testcase name="Check response time is less than 3000ms" time="0.021" classname="DropboxApiUploadDownloadTests"/>
    <testcase name="Check upload file status message to be one of Bad Request,Conflict,Not Found" time="0.021" classname="DropboxApiUploadDownloadTests"/>
    <testcase name="Check upload file status code is one of [400, 404, 409]" time="0.021" classname="DropboxApiUploadDownloadTests"/>
  </testsuite>
  <testsuite name="Negative tests / wrong request body / Search uploaded file wrong request body" id="2fb12fc1-d9e1-419c-b0d0-55487928a88f" timestamp="2023-04-16T16:09:44.600Z" tests="3" failures="2" errors="0" time="0.017">
    <testcase name="Check response time is less than 3000ms" time="0.017" classname="DropboxApiUploadDownloadTests"/>
    <testcase name="Check upload file status message to be one of Bad Request,Conflict,Not Found" time="0.017" classname="DropboxApiUploadDownloadTests">
      <failure type="AssertionFailure" message="expected 'Unauthorized' to be one of [ Array(3) ]">
        <![CDATA[Failed 1 times.]]>
        <![CDATA[Collection JSON ID: 9a3b310c-8828-4db2-a2e1-5712c75dc6e0.]]>
        <![CDATA[Collection name: Dropbox-API-upload/download-tests.]]>
        <![CDATA[Request name: Negative tests / wrong request body / Search uploaded file wrong request body.]]>
        <![CDATA[Test description: Check upload file status message to be one of Bad Request,Conflict,Not Found.]]>
        <![CDATA[Error message: expected 'Unauthorized' to be one of [ Array(3) ].]]>
        <![CDATA[Stacktrace: AssertionError: expected 'Unauthorized' to be one of [ Array(3) ]
   at Object.eval sandbox-script.js:1:13).]]>
      </failure>
    </testcase>
    <testcase name="Check upload file status code is one of [400, 404, 409]" time="0.017" classname="DropboxApiUploadDownloadTests">
      <failure type="AssertionFailure" message="expected 401 to be one of [ 400, 404, 409 ]">
        <![CDATA[Failed 1 times.]]>
        <![CDATA[Collection JSON ID: 9a3b310c-8828-4db2-a2e1-5712c75dc6e0.]]>
        <![CDATA[Collection name: Dropbox-API-upload/download-tests.]]>
        <![CDATA[Request name: Negative tests / wrong request body / Search uploaded file wrong request body.]]>
        <![CDATA[Test description: Check upload file status code is one of [400, 404, 409].]]>
        <![CDATA[Error message: expected 401 to be one of [ 400, 404, 409 ].]]>
        <![CDATA[Stacktrace: AssertionError: expected 401 to be one of [ 400, 404, 409 ]
   at Object.eval sandbox-script.js:2:13).]]>
      </failure>
    </testcase>
  </testsuite>
  <testsuite name="Negative tests / wrong request body / Get uploaded file metadata wrong body 'path' key value" id="77c849be-92ec-4858-900f-df021d056ffb" timestamp="2023-04-16T16:09:44.600Z" tests="3" failures="0" errors="1" time="0.041">
    <system-err><![CDATA[Iteration: 0

---
testScriptError: Unexpected token 'E' at 1:1
Error in call to API function "files/get_metadata": The given OAuth 2 access to
^
---
]]></system-err>
    <testcase name="Check response time is less than 3000ms" time="0.041" classname="DropboxApiUploadDownloadTests"/>
    <testcase name="Check upload file status message to be one of Bad Request,Conflict,Not Found" time="0.041" classname="DropboxApiUploadDownloadTests"/>
    <testcase name="Check upload file status code is one of [400, 404, 409]" time="0.041" classname="DropboxApiUploadDownloadTests"/>
  </testsuite>
  <testsuite name="Negative tests / wrong request body / Delete uploaded file wrong response body 'path' key value" id="87fc0929-16a6-4c26-b1a2-79efc9b0eed3" timestamp="2023-04-16T16:09:44.600Z" tests="3" failures="0" errors="1" time="0.028">
    <system-err><![CDATA[Iteration: 0

---
testScriptError: Unexpected token 'E' at 1:1
Error in call to API function "files/delete:2": The given OAuth 2 access token 
^
---
]]></system-err>
    <testcase name="Check response time is less than 3000ms" time="0.028" classname="DropboxApiUploadDownloadTests"/>
    <testcase name="Check upload file status message to be one of Bad Request,Conflict,Not Found" time="0.028" classname="DropboxApiUploadDownloadTests"/>
    <testcase name="Check upload file status code is one of [400, 404, 409]" time="0.028" classname="DropboxApiUploadDownloadTests"/>
  </testsuite>
  <testsuite name="Negative tests / File upload test wrong Header 'Content-Type" id="513e53e2-1281-4b1b-b4a0-93648d592570" timestamp="2023-04-16T16:09:44.600Z" tests="3" failures="0" errors="0" time="0.023">
    <testcase name="Check response time is less than 3000ms" time="0.023" classname="DropboxApiUploadDownloadTests"/>
    <testcase name="Check upload file status message to be one of Bad Request,Conflict,Not Found" time="0.023" classname="DropboxApiUploadDownloadTests"/>
    <testcase name="Check upload file status code is one of [400, 404, 409]" time="0.023" classname="DropboxApiUploadDownloadTests"/>
  </testsuite>
  <testsuite name="Negative tests / Repeat delete uploaded file" id="40cf24b9-f5e9-466a-8f54-7701edb87d88" timestamp="2023-04-16T16:09:44.600Z" tests="3" failures="0" errors="1" time="0.032">
    <system-err><![CDATA[Iteration: 0

---
testScriptError: Unexpected token 'E' at 1:1
Error in call to API function "files/delete:2": The given OAuth 2 access token 
^
---
]]></system-err>
    <testcase name="Check response time is less than 3000ms" time="0.032" classname="DropboxApiUploadDownloadTests"/>
    <testcase name="Check upload file status message to be one of Bad Request,Conflict,Not Found" time="0.032" classname="DropboxApiUploadDownloadTests"/>
    <testcase name="Check upload file status code is one of [400, 404, 409]" time="0.032" classname="DropboxApiUploadDownloadTests"/>
  </testsuite>
</testsuites>