<?xml version="1.0" encoding="UTF-8"?>
<testsuites name="Dropbox-API-upload/download-tests" tests="17" time="1.997">
  <testsuite name="Get token / Get token" id="f8c88497-0632-4e5a-9883-08336a67623b" timestamp="2023-04-16T16:10:32.978Z" tests="4" failures="3" errors="0" time="0.292">
    <testcase name="Check response time is less than 3000ms" time="0.292" classname="DropboxApiUploadDownloadTests"/>
    <testcase name="Check response status code is 200" time="0.292" classname="DropboxApiUploadDownloadTests">
      <failure type="AssertionFailure" message="expected response to have status code 200 but got 400">
        <![CDATA[Failed 1 times.]]>
        <![CDATA[Collection JSON ID: 9a3b310c-8828-4db2-a2e1-5712c75dc6e0.]]>
        <![CDATA[Collection name: Dropbox-API-upload/download-tests.]]>
        <![CDATA[Request name: Get token / Get token.]]>
        <![CDATA[Test description: Check response status code is 200.]]>
        <![CDATA[Error message: expected response to have status code 200 but got 400.]]>
        <![CDATA[Stacktrace: AssertionError: expected response to have status code 200 but got 400
   at Object.eval sandbox-script.js:1:1).]]>
      </failure>
    </testcase>
    <testcase name="Check upload file status message to be 'OK'" time="0.292" classname="DropboxApiUploadDownloadTests">
      <failure type="AssertionFailure" message="expected 'Bad Request' to equal 'OK'">
        <![CDATA[Failed 1 times.]]>
        <![CDATA[Collection JSON ID: 9a3b310c-8828-4db2-a2e1-5712c75dc6e0.]]>
        <![CDATA[Collection name: Dropbox-API-upload/download-tests.]]>
        <![CDATA[Request name: Get token / Get token.]]>
        <![CDATA[Test description: Check upload file status message to be 'OK'.]]>
        <![CDATA[Error message: expected 'Bad Request' to equal 'OK'.]]>
        <![CDATA[Stacktrace: AssertionError: expected 'Bad Request' to equal 'OK'
   at Object.eval sandbox-script.js:2:1).]]>
      </failure>
    </testcase>
    <testcase name="Check response body has key 'access_token'" time="0.292" classname="DropboxApiUploadDownloadTests">
      <failure type="AssertionFailure" message="expected { Object (error, error_description) } to contain key 'access_token'">
        <![CDATA[Failed 1 times.]]>
        <![CDATA[Collection JSON ID: 9a3b310c-8828-4db2-a2e1-5712c75dc6e0.]]>
        <![CDATA[Collection name: Dropbox-API-upload/download-tests.]]>
        <![CDATA[Request name: Get token / Get token.]]>
        <![CDATA[Test description: Check response body has key 'access_token'.]]>
        <![CDATA[Error message: expected { Object (error, error_description) } to contain key 'access_token'.]]>
        <![CDATA[Stacktrace: AssertionError: expected { Object (error, error_description) } to contain key 'access_token'
   at Object.eval sandbox-script.js:3:1).]]>
      </failure>
    </testcase>
  </testsuite>
  <testsuite name="Positive tests / Authorization tests / User authentication" id="d14ca0c0-b7fd-4033-aaf2-f4555398fdaa" timestamp="2023-04-16T16:10:32.978Z" tests="6" failures="4" errors="0" time="0.282">
    <testcase name="Check response time is less than 3000ms" time="0.282" classname="DropboxApiUploadDownloadTests"/>
    <testcase name="Check response status code is 200" time="0.282" classname="DropboxApiUploadDownloadTests">
      <failure type="AssertionFailure" message="expected response to have status code 200 but got 401">
        <![CDATA[Failed 1 times.]]>
        <![CDATA[Collection JSON ID: 9a3b310c-8828-4db2-a2e1-5712c75dc6e0.]]>
        <![CDATA[Collection name: Dropbox-API-upload/download-tests.]]>
        <![CDATA[Request name: Positive tests / Authorization tests / User authentication.]]>
        <![CDATA[Test description: Check response status code is 200.]]>
        <![CDATA[Error message: expected response to have status code 200 but got 401.]]>
        <![CDATA[Stacktrace: AssertionError: expected response to have status code 200 but got 401
   at Object.eval sandbox-script.js:1:2).]]>
      </failure>
    </testcase>
    <testcase name="Check upload file status message to be 'OK'" time="0.282" classname="DropboxApiUploadDownloadTests">
      <failure type="AssertionFailure" message="expected 'Unauthorized' to equal 'OK'">
        <![CDATA[Failed 1 times.]]>
        <![CDATA[Collection JSON ID: 9a3b310c-8828-4db2-a2e1-5712c75dc6e0.]]>
        <![CDATA[Collection name: Dropbox-API-upload/download-tests.]]>
        <![CDATA[Request name: Positive tests / Authorization tests / User authentication.]]>
        <![CDATA[Test description: Check upload file status message to be 'OK'.]]>
        <![CDATA[Error message: expected 'Unauthorized' to equal 'OK'.]]>
        <![CDATA[Stacktrace: AssertionError: expected 'Unauthorized' to equal 'OK'
   at Object.eval sandbox-script.js:2:2).]]>
      </failure>
    </testcase>
    <testcase name="Check response header 'Content-Type' and its value is 'application/json'" time="0.282" classname="DropboxApiUploadDownloadTests"/>
    <testcase name="Check response header 'Content-Security-Policy' and its value" time="0.282" classname="DropboxApiUploadDownloadTests">
      <failure type="AssertionFailure" message="expected response to have header with key 'Content-Security-Policy'">
        <![CDATA[Failed 1 times.]]>
        <![CDATA[Collection JSON ID: 9a3b310c-8828-4db2-a2e1-5712c75dc6e0.]]>
        <![CDATA[Collection name: Dropbox-API-upload/download-tests.]]>
        <![CDATA[Request name: Positive tests / Authorization tests / User authentication.]]>
        <![CDATA[Test description: Check response header 'Content-Security-Policy' and its value.]]>
        <![CDATA[Error message: expected response to have header with key 'Content-Security-Policy'.]]>
        <![CDATA[Stacktrace: AssertionError: expected response to have header with key 'Content-Security-Policy'
   at Object.eval sandbox-script.js:2:2).]]>
      </failure>
    </testcase>
    <testcase name="Check response body has key with value" time="0.282" classname="DropboxApiUploadDownloadTests">
      <failure type="AssertionFailure" message="expected undefined to deeply equal 'test'">
        <![CDATA[Failed 1 times.]]>
        <![CDATA[Collection JSON ID: 9a3b310c-8828-4db2-a2e1-5712c75dc6e0.]]>
        <![CDATA[Collection name: Dropbox-API-upload/download-tests.]]>
        <![CDATA[Request name: Positive tests / Authorization tests / User authentication.]]>
        <![CDATA[Test description: Check response body has key with value.]]>
        <![CDATA[Error message: expected undefined to deeply equal 'test'.]]>
        <![CDATA[Stacktrace: AssertionError: expected undefined to deeply equal 'test'
   at Object.eval sandbox-script.js:3:2).]]>
      </failure>
    </testcase>
  </testsuite>
  <testsuite name="Positive tests / Authorization tests / Check app" id="1e9b16e1-df4e-45bd-a969-7994bd636cad" timestamp="2023-04-16T16:10:32.978Z" tests="6" failures="0" errors="0" time="0.082">
    <testcase name="Check response time is less than 3000ms" time="0.082" classname="DropboxApiUploadDownloadTests"/>
    <testcase name="Check response status code is 200" time="0.082" classname="DropboxApiUploadDownloadTests"/>
    <testcase name="Check upload file status message to be 'OK'" time="0.082" classname="DropboxApiUploadDownloadTests"/>
    <testcase name="Check response header 'Content-Type' and its value is 'application/json'" time="0.082" classname="DropboxApiUploadDownloadTests"/>
    <testcase name="Check response header 'Content-Security-Policy' and its value" time="0.082" classname="DropboxApiUploadDownloadTests"/>
    <testcase name="Check response body has key with value" time="0.082" classname="DropboxApiUploadDownloadTests"/>
  </testsuite>
  <testsuite name="Positive tests / Upload file tests / File upload test" id="23da688a-8c34-4b16-96ef-c9277ca5d17e" timestamp="2023-04-16T16:10:32.978Z" tests="4" failures="2" errors="1" time="0.309">
    <system-err><![CDATA[Iteration: 0

---
testScriptError: Unexpected token 'E' at 1:1
Error in call to API function "files/upload": The given OAuth 2 access token is
^
---
]]></system-err>
    <testcase name="Check response time is less than 3000ms" time="0.309" classname="DropboxApiUploadDownloadTests"/>
    <testcase name="Check response status code is 200" time="0.309" classname="DropboxApiUploadDownloadTests">
      <failure type="AssertionFailure" message="expected response to have status code 200 but got 400">
        <![CDATA[Failed 1 times.]]>
        <![CDATA[Collection JSON ID: 9a3b310c-8828-4db2-a2e1-5712c75dc6e0.]]>
        <![CDATA[Collection name: Dropbox-API-upload/download-tests.]]>
        <![CDATA[Request name: Positive tests / Upload file tests / File upload test.]]>
        <![CDATA[Test description: Check response status code is 200.]]>
        <![CDATA[Error message: expected response to have status code 200 but got 400.]]>
        <![CDATA[Stacktrace: AssertionError: expected response to have status code 200 but got 400
   at Object.eval sandbox-script.js:1:4).]]>
      </failure>
    </testcase>
    <testcase name="Check upload file status message to be 'OK'" time="0.309" classname="DropboxApiUploadDownloadTests">
      <failure type="AssertionFailure" message="expected 'Bad Request' to equal 'OK'">
        <![CDATA[Failed 1 times.]]>
        <![CDATA[Collection JSON ID: 9a3b310c-8828-4db2-a2e1-5712c75dc6e0.]]>
        <![CDATA[Collection name: Dropbox-API-upload/download-tests.]]>
        <![CDATA[Request name: Positive tests / Upload file tests / File upload test.]]>
        <![CDATA[Test description: Check upload file status message to be 'OK'.]]>
        <![CDATA[Error message: expected 'Bad Request' to equal 'OK'.]]>
        <![CDATA[Stacktrace: AssertionError: expected 'Bad Request' to equal 'OK'
   at Object.eval sandbox-script.js:2:4).]]>
      </failure>
    </testcase>
    <testcase name="Check 'Strict-Transport-Security' response header value is 'max-age=31536000; includeSubDomains; preload'" time="0.309" classname="DropboxApiUploadDownloadTests"/>
  </testsuite>
  <testsuite name="Positive tests / Upload file tests / Search uploaded file" id="b265ad53-f956-42dd-8b36-f485d57a760c" timestamp="2023-04-16T16:10:32.978Z" tests="8" failures="6" errors="0" time="0.078">
    <testcase name="Check response time is less than 3000ms" time="0.078" classname="DropboxApiUploadDownloadTests"/>
    <testcase name="Check response status code is 200" time="0.078" classname="DropboxApiUploadDownloadTests">
      <failure type="AssertionFailure" message="expected response to have status code 200 but got 401">
        <![CDATA[Failed 1 times.]]>
        <![CDATA[Collection JSON ID: 9a3b310c-8828-4db2-a2e1-5712c75dc6e0.]]>
        <![CDATA[Collection name: Dropbox-API-upload/download-tests.]]>
        <![CDATA[Request name: Positive tests / Upload file tests / Search uploaded file.]]>
        <![CDATA[Test description: Check response status code is 200.]]>
        <![CDATA[Error message: expected response to have status code 200 but got 401.]]>
        <![CDATA[Stacktrace: AssertionError: expected response to have status code 200 but got 401
   at Object.eval sandbox-script.js:1:5).]]>
      </failure>
    </testcase>
    <testcase name="Check upload file status message to be 'OK'" time="0.078" classname="DropboxApiUploadDownloadTests">
      <failure type="AssertionFailure" message="expected 'Unauthorized' to equal 'OK'">
        <![CDATA[Failed 1 times.]]>
        <![CDATA[Collection JSON ID: 9a3b310c-8828-4db2-a2e1-5712c75dc6e0.]]>
        <![CDATA[Collection name: Dropbox-API-upload/download-tests.]]>
        <![CDATA[Request name: Positive tests / Upload file tests / Search uploaded file.]]>
        <![CDATA[Test description: Check upload file status message to be 'OK'.]]>
        <![CDATA[Error message: expected 'Unauthorized' to equal 'OK'.]]>
        <![CDATA[Stacktrace: AssertionError: expected 'Unauthorized' to equal 'OK'
   at Object.eval sandbox-script.js:2:5).]]>
      </failure>
    </testcase>
    <testcase name="Check response header 'Content-Security-Policy' value is 'sandbox" time="0.078" classname="DropboxApiUploadDownloadTests">
      <failure type="AssertionFailure" message="expected response to have header with key 'Content-Security-Policy'">
        <![CDATA[Failed 1 times.]]>
        <![CDATA[Collection JSON ID: 9a3b310c-8828-4db2-a2e1-5712c75dc6e0.]]>
        <![CDATA[Collection name: Dropbox-API-upload/download-tests.]]>
        <![CDATA[Request name: Positive tests / Upload file tests / Search uploaded file.]]>
        <![CDATA[Test description: Check response header 'Content-Security-Policy' value is 'sandbox.]]>
        <![CDATA[Error message: expected response to have header with key 'Content-Security-Policy'.]]>
        <![CDATA[Stacktrace: AssertionError: expected response to have header with key 'Content-Security-Policy'
   at Object.eval sandbox-script.js:1:5).]]>
      </failure>
    </testcase>
    <testcase name="Check response header 'Content-Type' and its value is 'application/json'" time="0.078" classname="DropboxApiUploadDownloadTests"/>
    <testcase name="Check response keys length is equal 1" time="0.078" classname="DropboxApiUploadDownloadTests">
      <failure type="AssertionFailure" message="Cannot read properties of undefined (reading 'length')">
        <![CDATA[Failed 1 times.]]>
        <![CDATA[Collection JSON ID: 9a3b310c-8828-4db2-a2e1-5712c75dc6e0.]]>
        <![CDATA[Collection name: Dropbox-API-upload/download-tests.]]>
        <![CDATA[Request name: Positive tests / Upload file tests / Search uploaded file.]]>
        <![CDATA[Test description: Check response keys length is equal 1.]]>
        <![CDATA[Error message: Cannot read properties of undefined (reading 'length').]]>
        <![CDATA[Stacktrace: TypeError: Cannot read properties of undefined (reading 'length')
   at Object.eval sandbox-script.js:3:5).]]>
      </failure>
    </testcase>
    <testcase name="Check response key 'has_more' value equal to 'false'" time="0.078" classname="DropboxApiUploadDownloadTests">
      <failure type="AssertionFailure" message="expected undefined to deeply equal false">
        <![CDATA[Failed 1 times.]]>
        <![CDATA[Collection JSON ID: 9a3b310c-8828-4db2-a2e1-5712c75dc6e0.]]>
        <![CDATA[Collection name: Dropbox-API-upload/download-tests.]]>
        <![CDATA[Request name: Positive tests / Upload file tests / Search uploaded file.]]>
        <![CDATA[Test description: Check response key 'has_more' value equal to 'false'.]]>
        <![CDATA[Error message: expected undefined to deeply equal false.]]>
        <![CDATA[Stacktrace: AssertionError: expected undefined to deeply equal false
   at Object.eval sandbox-script.js:4:5).]]>
      </failure>
    </testcase>
    <testcase name="Validate response json schema" time="0.078" classname="DropboxApiUploadDownloadTests">
      <failure type="AssertionFailure" message="expected data to satisfy schema but found following errors: &#xA;data should have required property 'has_more', data should have required property 'matches'">
        <![CDATA[Failed 1 times.]]>
        <![CDATA[Collection JSON ID: 9a3b310c-8828-4db2-a2e1-5712c75dc6e0.]]>
        <![CDATA[Collection name: Dropbox-API-upload/download-tests.]]>
        <![CDATA[Request name: Positive tests / Upload file tests / Search uploaded file.]]>
        <![CDATA[Test description: Validate response json schema.]]>
        <![CDATA[Error message: expected data to satisfy schema but found following errors: 
data should have required property 'has_more', data should have required property 'matches'.]]>
        <![CDATA[Stacktrace: AssertionError: expected data to satisfy schema but found following errors: 
data should have required property 'has_more', data should have required property 'matches'
   at Object.eval sandbox-script.js:5:5).]]>
      </failure>
    </testcase>
  </testsuite>
  <testsuite name="Positive tests / Get File Metadata tests / Get uploaded file via search endpoint" id="08e6a2b7-92d8-4fb3-b66e-b9ca85989ea7" timestamp="2023-04-16T16:10:32.978Z" tests="4" failures="2" errors="1" time="0.073">
    <system-err><![CDATA[Iteration: 0

---
testScriptError: Cannot read properties of undefined (reading '0')
---
]]></system-err>
    <testcase name="Check response time is less than 3000ms" time="0.073" classname="DropboxApiUploadDownloadTests"/>
    <testcase name="Check response status code is 200" time="0.073" classname="DropboxApiUploadDownloadTests">
      <failure type="AssertionFailure" message="expected response to have status code 200 but got 401">
        <![CDATA[Failed 1 times.]]>
        <![CDATA[Collection JSON ID: 9a3b310c-8828-4db2-a2e1-5712c75dc6e0.]]>
        <![CDATA[Collection name: Dropbox-API-upload/download-tests.]]>
        <![CDATA[Request name: Positive tests / Get File Metadata tests / Get uploaded file via search endpoint.]]>
        <![CDATA[Test description: Check response status code is 200.]]>
        <![CDATA[Error message: expected response to have status code 200 but got 401.]]>
        <![CDATA[Stacktrace: AssertionError: expected response to have status code 200 but got 401
   at Object.eval sandbox-script.js:1:6).]]>
      </failure>
    </testcase>
    <testcase name="Check upload file status message to be 'OK'" time="0.073" classname="DropboxApiUploadDownloadTests">
      <failure type="AssertionFailure" message="expected 'Unauthorized' to equal 'OK'">
        <![CDATA[Failed 1 times.]]>
        <![CDATA[Collection JSON ID: 9a3b310c-8828-4db2-a2e1-5712c75dc6e0.]]>
        <![CDATA[Collection name: Dropbox-API-upload/download-tests.]]>
        <![CDATA[Request name: Positive tests / Get File Metadata tests / Get uploaded file via search endpoint.]]>
        <![CDATA[Test description: Check upload file status message to be 'OK'.]]>
        <![CDATA[Error message: expected 'Unauthorized' to equal 'OK'.]]>
        <![CDATA[Stacktrace: AssertionError: expected 'Unauthorized' to equal 'OK'
   at Object.eval sandbox-script.js:2:6).]]>
      </failure>
    </testcase>
    <testcase name="Check response header 'Content-Type' and its value is 'application/json'" time="0.073" classname="DropboxApiUploadDownloadTests"/>
  </testsuite>
  <testsuite name="Positive tests / Get File Metadata tests / Get uploaded file metadata via metadata endpoint" id="5556251c-9782-480a-a4b3-e8d83d4413bc" timestamp="2023-04-16T16:10:32.978Z" tests="4" failures="3" errors="1" time="0.097">
    <system-err><![CDATA[Iteration: 0

---
testScriptError: Unexpected token 'E' at 1:1
Error in call to API function "files/get_metadata": The given OAuth 2 access to
^
---
]]></system-err>
    <testcase name="Check response time is less than 3000ms" time="0.097" classname="DropboxApiUploadDownloadTests"/>
    <testcase name="Check response status code is 200" time="0.097" classname="DropboxApiUploadDownloadTests">
      <failure type="AssertionFailure" message="expected response to have status code 200 but got 400">
        <![CDATA[Failed 1 times.]]>
        <![CDATA[Collection JSON ID: 9a3b310c-8828-4db2-a2e1-5712c75dc6e0.]]>
        <![CDATA[Collection name: Dropbox-API-upload/download-tests.]]>
        <![CDATA[Request name: Positive tests / Get File Metadata tests / Get uploaded file metadata via metadata endpoint.]]>
        <![CDATA[Test description: Check response status code is 200.]]>
        <![CDATA[Error message: expected response to have status code 200 but got 400.]]>
        <![CDATA[Stacktrace: AssertionError: expected response to have status code 200 but got 400
   at Object.eval sandbox-script.js:1:7).]]>
      </failure>
    </testcase>
    <testcase name="Check upload file status message to be 'OK'" time="0.097" classname="DropboxApiUploadDownloadTests">
      <failure type="AssertionFailure" message="expected 'Bad Request' to equal 'OK'">
        <![CDATA[Failed 1 times.]]>
        <![CDATA[Collection JSON ID: 9a3b310c-8828-4db2-a2e1-5712c75dc6e0.]]>
        <![CDATA[Collection name: Dropbox-API-upload/download-tests.]]>
        <![CDATA[Request name: Positive tests / Get File Metadata tests / Get uploaded file metadata via metadata endpoint.]]>
        <![CDATA[Test description: Check upload file status message to be 'OK'.]]>
        <![CDATA[Error message: expected 'Bad Request' to equal 'OK'.]]>
        <![CDATA[Stacktrace: AssertionError: expected 'Bad Request' to equal 'OK'
   at Object.eval sandbox-script.js:2:7).]]>
      </failure>
    </testcase>
    <testcase name="Check response header 'Content-Type' and its value is 'application/json'" time="0.097" classname="DropboxApiUploadDownloadTests">
      <failure type="AssertionFailure" message="expected 'Content-Type' response header to be 'application/json' but got 'text/plain; charset=utf-8'">
        <![CDATA[Failed 1 times.]]>
        <![CDATA[Collection JSON ID: 9a3b310c-8828-4db2-a2e1-5712c75dc6e0.]]>
        <![CDATA[Collection name: Dropbox-API-upload/download-tests.]]>
        <![CDATA[Request name: Positive tests / Get File Metadata tests / Get uploaded file metadata via metadata endpoint.]]>
        <![CDATA[Test description: Check response header 'Content-Type' and its value is 'application/json'.]]>
        <![CDATA[Error message: expected 'Content-Type' response header to be 'application/json' but got 'text/plain; charset=utf-8'.]]>
        <![CDATA[Stacktrace: AssertionError: expected 'Content-Type' response header to be 'application/json' but got 'text/plain; charset=utf-8'
   at Object.eval sandbox-script.js:1:7).]]>
      </failure>
    </testcase>
  </testsuite>
  <testsuite name="Positive tests / Delete file tests / Delete uploaded file" id="f2bd8a77-b1e1-46ca-947b-a6fd032f118e" timestamp="2023-04-16T16:10:32.978Z" tests="4" failures="3" errors="1" time="0.082">
    <system-err><![CDATA[Iteration: 0

---
testScriptError: Unexpected token 'E' at 1:1
Error in call to API function "files/delete:2": The given OAuth 2 access token 
^
---
]]></system-err>
    <testcase name="Check response time is less than 3000ms" time="0.082" classname="DropboxApiUploadDownloadTests"/>
    <testcase name="Check response status code is 200" time="0.082" classname="DropboxApiUploadDownloadTests">
      <failure type="AssertionFailure" message="expected response to have status code 200 but got 400">
        <![CDATA[Failed 1 times.]]>
        <![CDATA[Collection JSON ID: 9a3b310c-8828-4db2-a2e1-5712c75dc6e0.]]>
        <![CDATA[Collection name: Dropbox-API-upload/download-tests.]]>
        <![CDATA[Request name: Positive tests / Delete file tests / Delete uploaded file.]]>
        <![CDATA[Test description: Check response status code is 200.]]>
        <![CDATA[Error message: expected response to have status code 200 but got 400.]]>
        <![CDATA[Stacktrace: AssertionError: expected response to have status code 200 but got 400
   at Object.eval sandbox-script.js:1:8).]]>
      </failure>
    </testcase>
    <testcase name="Check upload file status message to be 'OK'" time="0.082" classname="DropboxApiUploadDownloadTests">
      <failure type="AssertionFailure" message="expected 'Bad Request' to equal 'OK'">
        <![CDATA[Failed 1 times.]]>
        <![CDATA[Collection JSON ID: 9a3b310c-8828-4db2-a2e1-5712c75dc6e0.]]>
        <![CDATA[Collection name: Dropbox-API-upload/download-tests.]]>
        <![CDATA[Request name: Positive tests / Delete file tests / Delete uploaded file.]]>
        <![CDATA[Test description: Check upload file status message to be 'OK'.]]>
        <![CDATA[Error message: expected 'Bad Request' to equal 'OK'.]]>
        <![CDATA[Stacktrace: AssertionError: expected 'Bad Request' to equal 'OK'
   at Object.eval sandbox-script.js:2:8).]]>
      </failure>
    </testcase>
    <testcase name="Check response header 'Content-Type' and its value is 'application/json'" time="0.082" classname="DropboxApiUploadDownloadTests">
      <failure type="AssertionFailure" message="expected 'Content-Type' response header to be 'application/json' but got 'text/plain; charset=utf-8'">
        <![CDATA[Failed 1 times.]]>
        <![CDATA[Collection JSON ID: 9a3b310c-8828-4db2-a2e1-5712c75dc6e0.]]>
        <![CDATA[Collection name: Dropbox-API-upload/download-tests.]]>
        <![CDATA[Request name: Positive tests / Delete file tests / Delete uploaded file.]]>
        <![CDATA[Test description: Check response header 'Content-Type' and its value is 'application/json'.]]>
        <![CDATA[Error message: expected 'Content-Type' response header to be 'application/json' but got 'text/plain; charset=utf-8'.]]>
        <![CDATA[Stacktrace: AssertionError: expected 'Content-Type' response header to be 'application/json' but got 'text/plain; charset=utf-8'
   at Object.eval sandbox-script.js:1:8).]]>
      </failure>
    </testcase>
  </testsuite>
  <testsuite name="Negative tests / wrong endpoint / File upload test wrong endpoint" id="06209416-d903-4de8-97cd-8171a3b16c1c" timestamp="2023-04-16T16:10:32.978Z" tests="3" failures="0" errors="0" time="0.068">
    <testcase name="Check response time is less than 3000ms" time="0.068" classname="DropboxApiUploadDownloadTests"/>
    <testcase name="Check upload file status message to be one of Bad Request,Conflict,Not Found" time="0.068" classname="DropboxApiUploadDownloadTests"/>
    <testcase name="Check upload file status code is one of [400, 404, 409]" time="0.068" classname="DropboxApiUploadDownloadTests"/>
  </testsuite>
  <testsuite name="Negative tests / wrong endpoint / Search uploaded file wrong endpoint" id="628d977b-e923-4f50-ae2b-5cbacffe5018" timestamp="2023-04-16T16:10:32.978Z" tests="3" failures="0" errors="0" time="0.073">
    <testcase name="Check response time is less than 3000ms" time="0.073" classname="DropboxApiUploadDownloadTests"/>
    <testcase name="Check upload file status message to be one of Bad Request,Conflict,Not Found" time="0.073" classname="DropboxApiUploadDownloadTests"/>
    <testcase name="Check upload file status code is one of [400, 404, 409]" time="0.073" classname="DropboxApiUploadDownloadTests"/>
  </testsuite>
  <testsuite name="Negative tests / wrong endpoint / Get uploaded file metadata wrong endpoint" id="fa281123-ff8d-455c-9fc4-b3b38624c013" timestamp="2023-04-16T16:10:32.978Z" tests="3" failures="0" errors="0" time="0.072">
    <testcase name="Check response time is less than 3000ms" time="0.072" classname="DropboxApiUploadDownloadTests"/>
    <testcase name="Check upload file status message to be one of Bad Request,Conflict,Not Found" time="0.072" classname="DropboxApiUploadDownloadTests"/>
    <testcase name="Check upload file status code is one of [400, 404, 409]" time="0.072" classname="DropboxApiUploadDownloadTests"/>
  </testsuite>
  <testsuite name="Negative tests / wrong endpoint / Delete uploaded file wrong endpoint" id="d2c6c42d-65f0-443d-8c2a-16e3437164a0" timestamp="2023-04-16T16:10:32.978Z" tests="3" failures="0" errors="0" time="0.072">
    <testcase name="Check response time is less than 3000ms" time="0.072" classname="DropboxApiUploadDownloadTests"/>
    <testcase name="Check upload file status message to be one of Bad Request,Conflict,Not Found" time="0.072" classname="DropboxApiUploadDownloadTests"/>
    <testcase name="Check upload file status code is one of [400, 404, 409]" time="0.072" classname="DropboxApiUploadDownloadTests"/>
  </testsuite>
  <testsuite name="Negative tests / wrong request body / Search uploaded file wrong request body" id="4431866d-768c-42aa-b35f-3f270517885a" timestamp="2023-04-16T16:10:32.978Z" tests="3" failures="2" errors="0" time="0.078">
    <testcase name="Check response time is less than 3000ms" time="0.078" classname="DropboxApiUploadDownloadTests"/>
    <testcase name="Check upload file status message to be one of Bad Request,Conflict,Not Found" time="0.078" classname="DropboxApiUploadDownloadTests">
      <failure type="AssertionFailure" message="expected 'Unauthorized' to be one of [ Array(3) ]">
        <![CDATA[Failed 1 times.]]>
        <![CDATA[Collection JSON ID: 9a3b310c-8828-4db2-a2e1-5712c75dc6e0.]]>
        <![CDATA[Collection name: Dropbox-API-upload/download-tests.]]>
        <![CDATA[Request name: Negative tests / wrong request body / Search uploaded file wrong request body.]]>
        <![CDATA[Test description: Check upload file status message to be one of Bad Request,Conflict,Not Found.]]>
        <![CDATA[Error message: expected 'Unauthorized' to be one of [ Array(3) ].]]>
        <![CDATA[Stacktrace: AssertionError: expected 'Unauthorized' to be one of [ Array(3) ]
   at Object.eval sandbox-script.js:1:13).]]>
      </failure>
    </testcase>
    <testcase name="Check upload file status code is one of [400, 404, 409]" time="0.078" classname="DropboxApiUploadDownloadTests">
      <failure type="AssertionFailure" message="expected 401 to be one of [ 400, 404, 409 ]">
        <![CDATA[Failed 1 times.]]>
        <![CDATA[Collection JSON ID: 9a3b310c-8828-4db2-a2e1-5712c75dc6e0.]]>
        <![CDATA[Collection name: Dropbox-API-upload/download-tests.]]>
        <![CDATA[Request name: Negative tests / wrong request body / Search uploaded file wrong request body.]]>
        <![CDATA[Test description: Check upload file status code is one of [400, 404, 409].]]>
        <![CDATA[Error message: expected 401 to be one of [ 400, 404, 409 ].]]>
        <![CDATA[Stacktrace: AssertionError: expected 401 to be one of [ 400, 404, 409 ]
   at Object.eval sandbox-script.js:2:13).]]>
      </failure>
    </testcase>
  </testsuite>
  <testsuite name="Negative tests / wrong request body / Get uploaded file metadata wrong body 'path' key value" id="73cf2f01-b045-49d3-9eb2-916eb759e272" timestamp="2023-04-16T16:10:32.978Z" tests="3" failures="0" errors="1" time="0.096">
    <system-err><![CDATA[Iteration: 0

---
testScriptError: Unexpected token 'E' at 1:1
Error in call to API function "files/get_metadata": The given OAuth 2 access to
^
---
]]></system-err>
    <testcase name="Check response time is less than 3000ms" time="0.096" classname="DropboxApiUploadDownloadTests"/>
    <testcase name="Check upload file status message to be one of Bad Request,Conflict,Not Found" time="0.096" classname="DropboxApiUploadDownloadTests"/>
    <testcase name="Check upload file status code is one of [400, 404, 409]" time="0.096" classname="DropboxApiUploadDownloadTests"/>
  </testsuite>
  <testsuite name="Negative tests / wrong request body / Delete uploaded file wrong response body 'path' key value" id="0af26cdb-bbbc-427d-8b4d-4920e7c6b006" timestamp="2023-04-16T16:10:32.978Z" tests="3" failures="0" errors="1" time="0.085">
    <system-err><![CDATA[Iteration: 0

---
testScriptError: Unexpected token 'E' at 1:1
Error in call to API function "files/delete:2": The given OAuth 2 access token 
^
---
]]></system-err>
    <testcase name="Check response time is less than 3000ms" time="0.085" classname="DropboxApiUploadDownloadTests"/>
    <testcase name="Check upload file status message to be one of Bad Request,Conflict,Not Found" time="0.085" classname="DropboxApiUploadDownloadTests"/>
    <testcase name="Check upload file status code is one of [400, 404, 409]" time="0.085" classname="DropboxApiUploadDownloadTests"/>
  </testsuite>
  <testsuite name="Negative tests / File upload test wrong Header 'Content-Type" id="0b5c2346-cc53-477e-9807-c6602421369c" timestamp="2023-04-16T16:10:32.978Z" tests="3" failures="0" errors="0" time="0.078">
    <testcase name="Check response time is less than 3000ms" time="0.078" classname="DropboxApiUploadDownloadTests"/>
    <testcase name="Check upload file status message to be one of Bad Request,Conflict,Not Found" time="0.078" classname="DropboxApiUploadDownloadTests"/>
    <testcase name="Check upload file status code is one of [400, 404, 409]" time="0.078" classname="DropboxApiUploadDownloadTests"/>
  </testsuite>
  <testsuite name="Negative tests / Repeat delete uploaded file" id="f3445611-88c9-4a4e-bde8-18565a894218" timestamp="2023-04-16T16:10:32.978Z" tests="3" failures="0" errors="1" time="0.080">
    <system-err><![CDATA[Iteration: 0

---
testScriptError: Unexpected token 'E' at 1:1
Error in call to API function "files/delete:2": The given OAuth 2 access token 
^
---
]]></system-err>
    <testcase name="Check response time is less than 3000ms" time="0.080" classname="DropboxApiUploadDownloadTests"/>
    <testcase name="Check upload file status message to be one of Bad Request,Conflict,Not Found" time="0.080" classname="DropboxApiUploadDownloadTests"/>
    <testcase name="Check upload file status code is one of [400, 404, 409]" time="0.080" classname="DropboxApiUploadDownloadTests"/>
  </testsuite>
</testsuites>