<?xml version="1.0" encoding="UTF-8"?>
<testsuites name="Dropbox-API-upload/download-tests" tests="17" time="4.199">
  <testsuite name="Get token / Get token" id="5546d6e6-1834-40d8-95c8-e3336e61c971" timestamp="2022-10-06T17:52:47.419Z" tests="4" failures="0" errors="0" time="0.165">
    <testcase name="Check response time is less than 3000ms" time="0.165" classname="DropboxApiUploadDownloadTests"/>
    <testcase name="Check response status code is 200" time="0.165" classname="DropboxApiUploadDownloadTests"/>
    <testcase name="Check upload file status message to be 'OK'" time="0.165" classname="DropboxApiUploadDownloadTests"/>
    <testcase name="Check response body has key 'access_token'" time="0.165" classname="DropboxApiUploadDownloadTests"/>
  </testsuite>
  <testsuite name="Positive tests / Authorization tests / User authentication" id="549e523e-80ce-4ab6-9cb0-8c5abb411d9d" timestamp="2022-10-06T17:52:47.419Z" tests="6" failures="0" errors="0" time="0.252">
    <testcase name="Check response time is less than 3000ms" time="0.252" classname="DropboxApiUploadDownloadTests"/>
    <testcase name="Check response status code is 200" time="0.252" classname="DropboxApiUploadDownloadTests"/>
    <testcase name="Check upload file status message to be 'OK'" time="0.252" classname="DropboxApiUploadDownloadTests"/>
    <testcase name="Check response header 'Content-Type' and its value is 'application/json'" time="0.252" classname="DropboxApiUploadDownloadTests"/>
    <testcase name="Check response header 'Content-Security-Policy' and its value" time="0.252" classname="DropboxApiUploadDownloadTests"/>
    <testcase name="Check response body has key with value" time="0.252" classname="DropboxApiUploadDownloadTests"/>
  </testsuite>
  <testsuite name="Positive tests / Authorization tests / Check app" id="2f453f58-03e6-4ab3-a682-04d73fbc720a" timestamp="2022-10-06T17:52:47.419Z" tests="6" failures="0" errors="0" time="0.070">
    <testcase name="Check response time is less than 3000ms" time="0.070" classname="DropboxApiUploadDownloadTests"/>
    <testcase name="Check response status code is 200" time="0.070" classname="DropboxApiUploadDownloadTests"/>
    <testcase name="Check upload file status message to be 'OK'" time="0.070" classname="DropboxApiUploadDownloadTests"/>
    <testcase name="Check response header 'Content-Type' and its value is 'application/json'" time="0.070" classname="DropboxApiUploadDownloadTests"/>
    <testcase name="Check response header 'Content-Security-Policy' and its value" time="0.070" classname="DropboxApiUploadDownloadTests"/>
    <testcase name="Check response body has key with value" time="0.070" classname="DropboxApiUploadDownloadTests"/>
  </testsuite>
  <testsuite name="Positive tests / Upload file tests / File upload test" id="92e19688-7690-4b91-802b-21de17c56a8e" timestamp="2022-10-06T17:52:47.419Z" tests="9" failures="0" errors="0" time="0.960">
    <testcase name="Check response time is less than 3000ms" time="0.960" classname="DropboxApiUploadDownloadTests"/>
    <testcase name="Check response status code is 200" time="0.960" classname="DropboxApiUploadDownloadTests"/>
    <testcase name="Check upload file status message to be 'OK'" time="0.960" classname="DropboxApiUploadDownloadTests"/>
    <testcase name="Check 'Strict-Transport-Security' response header value is 'max-age=31536000; includeSubDomains; preload'" time="0.960" classname="DropboxApiUploadDownloadTests"/>
    <testcase name="Check response has key 'name' with value equal to uploaded file name" time="0.960" classname="DropboxApiUploadDownloadTests"/>
    <testcase name="Check response keys length is equal 10" time="0.960" classname="DropboxApiUploadDownloadTests"/>
    <testcase name="Check response keys are present" time="0.960" classname="DropboxApiUploadDownloadTests"/>
    <testcase name="Check response 'is_downloadable' value" time="0.960" classname="DropboxApiUploadDownloadTests"/>
    <testcase name="Validate response json schema" time="0.960" classname="DropboxApiUploadDownloadTests"/>
  </testsuite>
  <testsuite name="Positive tests / Upload file tests / Search uploaded file" id="a7b366a7-f246-49c1-ba04-8af5be590e25" timestamp="2022-10-06T17:52:47.419Z" tests="8" failures="0" errors="0" time="0.210">
    <testcase name="Check response time is less than 3000ms" time="0.210" classname="DropboxApiUploadDownloadTests"/>
    <testcase name="Check response status code is 200" time="0.210" classname="DropboxApiUploadDownloadTests"/>
    <testcase name="Check upload file status message to be 'OK'" time="0.210" classname="DropboxApiUploadDownloadTests"/>
    <testcase name="Check response header 'Content-Security-Policy' value is 'sandbox" time="0.210" classname="DropboxApiUploadDownloadTests"/>
    <testcase name="Check response header 'Content-Type' and its value is 'application/json'" time="0.210" classname="DropboxApiUploadDownloadTests"/>
    <testcase name="Check response keys length is equal 1" time="0.210" classname="DropboxApiUploadDownloadTests"/>
    <testcase name="Check response key 'has_more' value equal to 'false'" time="0.210" classname="DropboxApiUploadDownloadTests"/>
    <testcase name="Validate response json schema" time="0.210" classname="DropboxApiUploadDownloadTests"/>
  </testsuite>
  <testsuite name="Positive tests / Get File Metadata tests / Get uploaded file via search endpoint" id="425ca3b7-ea20-4882-950e-a15bec1961c2" timestamp="2022-10-06T17:52:47.419Z" tests="12" failures="0" errors="0" time="0.202">
    <testcase name="Check response time is less than 3000ms" time="0.202" classname="DropboxApiUploadDownloadTests"/>
    <testcase name="Check response status code is 200" time="0.202" classname="DropboxApiUploadDownloadTests"/>
    <testcase name="Check upload file status message to be 'OK'" time="0.202" classname="DropboxApiUploadDownloadTests"/>
    <testcase name="Check response header 'Content-Type' and its value is 'application/json'" time="0.202" classname="DropboxApiUploadDownloadTests"/>
    <testcase name="Check metadadta has key 'name' with value equal to uploaded file name" time="0.202" classname="DropboxApiUploadDownloadTests"/>
    <testcase name="Check response keys length is 1" time="0.202" classname="DropboxApiUploadDownloadTests"/>
    <testcase name="Check metadata 'name' key has value 'text.txt'" time="0.202" classname="DropboxApiUploadDownloadTests"/>
    <testcase name="Check metadata 'id' key has value 'id:kNz2VS8OLSwAAAAAAAAA-A'" time="0.202" classname="DropboxApiUploadDownloadTests"/>
    <testcase name="Check metadata 'content_hash' key has value 'fd2112ca5793b05e935205bb9891410beb1df1076f60d6dcc754c7377edf6fdc'" time="0.202" classname="DropboxApiUploadDownloadTests"/>
    <testcase name="Check metadata 'is_downloadable' key has value 'true'" time="0.202" classname="DropboxApiUploadDownloadTests"/>
    <testcase name="Check metadata 'size' key has value '19'" time="0.202" classname="DropboxApiUploadDownloadTests"/>
    <testcase name="Validate response json schema" time="0.202" classname="DropboxApiUploadDownloadTests"/>
  </testsuite>
  <testsuite name="Positive tests / Get File Metadata tests / Get uploaded file metadata via metadata endpoint" id="3ec3105a-34dd-4948-9708-8adf98bad5d5" timestamp="2022-10-06T17:52:47.419Z" tests="7" failures="0" errors="0" time="0.130">
    <testcase name="Check response time is less than 3000ms" time="0.130" classname="DropboxApiUploadDownloadTests"/>
    <testcase name="Check response status code is 200" time="0.130" classname="DropboxApiUploadDownloadTests"/>
    <testcase name="Check upload file status message to be 'OK'" time="0.130" classname="DropboxApiUploadDownloadTests"/>
    <testcase name="Check response header 'Content-Type' and its value is 'application/json'" time="0.130" classname="DropboxApiUploadDownloadTests"/>
    <testcase name="Check response keys length is equal 11" time="0.130" classname="DropboxApiUploadDownloadTests"/>
    <testcase name="Check response keys values are equal text.txt,/text.txt,/text.txt,id:kNz2VS8OLSwAAAAAAAAA-A,2022-10-06T17:52:48Z,2022-10-06T17:52:48Z,5ea615c8c968bb94ae2f1,19,true,fd2112ca5793b05e935205bb9891410beb1df1076f60d6dcc754c7377edf6fdc" time="0.130" classname="DropboxApiUploadDownloadTests"/>
    <testcase name="Validate response json schema" time="0.130" classname="DropboxApiUploadDownloadTests"/>
  </testsuite>
  <testsuite name="Positive tests / Delete file tests / Delete uploaded file" id="a6026160-f0fb-4ba5-bed2-3709de3f213b" timestamp="2022-10-06T17:52:47.419Z" tests="7" failures="0" errors="0" time="1.382">
    <testcase name="Check response time is less than 3000ms" time="1.382" classname="DropboxApiUploadDownloadTests"/>
    <testcase name="Check response status code is 200" time="1.382" classname="DropboxApiUploadDownloadTests"/>
    <testcase name="Check upload file status message to be 'OK'" time="1.382" classname="DropboxApiUploadDownloadTests"/>
    <testcase name="Check response header 'Content-Type' and its value is 'application/json'" time="1.382" classname="DropboxApiUploadDownloadTests"/>
    <testcase name="Check response keys length is equal 11" time="1.382" classname="DropboxApiUploadDownloadTests"/>
    <testcase name="Check response keys values are equal text.txt,/text.txt,/text.txt,id:kNz2VS8OLSwAAAAAAAAA-A,2022-10-06T17:52:48Z,2022-10-06T17:52:48Z,5ea615c8c968bb94ae2f1,19,true,fd2112ca5793b05e935205bb9891410beb1df1076f60d6dcc754c7377edf6fdc" time="1.382" classname="DropboxApiUploadDownloadTests"/>
    <testcase name="Validate response json schema" time="1.382" classname="DropboxApiUploadDownloadTests"/>
  </testsuite>
  <testsuite name="Negative tests / wrong endpoint / File upload test wrong endpoint" id="f471890a-df8c-4893-a5fe-9d8f0d553daa" timestamp="2022-10-06T17:52:47.419Z" tests="3" failures="0" errors="0" time="0.094">
    <testcase name="Check response time is less than 3000ms" time="0.094" classname="DropboxApiUploadDownloadTests"/>
    <testcase name="Check upload file status message to be one of 'Bad Request,Conflict,Not Found'" time="0.094" classname="DropboxApiUploadDownloadTests"/>
    <testcase name="Check upload file status code is one of [400, 404, 409]" time="0.094" classname="DropboxApiUploadDownloadTests"/>
  </testsuite>
  <testsuite name="Negative tests / wrong endpoint / Search uploaded file wrong endpoint" id="380bce19-d62c-463d-b1e2-8f38f7cc5967" timestamp="2022-10-06T17:52:47.419Z" tests="3" failures="0" errors="0" time="0.059">
    <testcase name="Check response time is less than 3000ms" time="0.059" classname="DropboxApiUploadDownloadTests"/>
    <testcase name="Check upload file status message to be one of 'Bad Request,Conflict,Not Found'" time="0.059" classname="DropboxApiUploadDownloadTests"/>
    <testcase name="Check upload file status code is one of [400, 404, 409]" time="0.059" classname="DropboxApiUploadDownloadTests"/>
  </testsuite>
  <testsuite name="Negative tests / wrong endpoint / Get uploaded file metadata wrong endpoint" id="dd6f2c4b-d0e0-4808-8ef0-08f1189ca582" timestamp="2022-10-06T17:52:47.419Z" tests="3" failures="0" errors="0" time="0.058">
    <testcase name="Check response time is less than 3000ms" time="0.058" classname="DropboxApiUploadDownloadTests"/>
    <testcase name="Check upload file status message to be one of 'Bad Request,Conflict,Not Found'" time="0.058" classname="DropboxApiUploadDownloadTests"/>
    <testcase name="Check upload file status code is one of [400, 404, 409]" time="0.058" classname="DropboxApiUploadDownloadTests"/>
  </testsuite>
  <testsuite name="Negative tests / wrong endpoint / Delete uploaded file wrong endpoint" id="4e1d67ea-0e42-45c3-b9de-e9c25a3ae5a7" timestamp="2022-10-06T17:52:47.419Z" tests="3" failures="0" errors="0" time="0.058">
    <testcase name="Check response time is less than 3000ms" time="0.058" classname="DropboxApiUploadDownloadTests"/>
    <testcase name="Check upload file status message to be one of 'Bad Request,Conflict,Not Found'" time="0.058" classname="DropboxApiUploadDownloadTests"/>
    <testcase name="Check upload file status code is one of [400, 404, 409]" time="0.058" classname="DropboxApiUploadDownloadTests"/>
  </testsuite>
  <testsuite name="Negative tests / wrong request body / Search uploaded file wrong request body" id="559e5ac9-67b3-4e08-8060-adbd6a3b8ee1" timestamp="2022-10-06T17:52:47.419Z" tests="3" failures="0" errors="0" time="0.076">
    <testcase name="Check response time is less than 3000ms" time="0.076" classname="DropboxApiUploadDownloadTests"/>
    <testcase name="Check upload file status message to be one of 'Bad Request,Conflict,Not Found'" time="0.076" classname="DropboxApiUploadDownloadTests"/>
    <testcase name="Check upload file status code is one of [400, 404, 409]" time="0.076" classname="DropboxApiUploadDownloadTests"/>
  </testsuite>
  <testsuite name="Negative tests / wrong request body / Get uploaded file metadata wrong body 'path' key value" id="116afe5e-6a14-4b98-bdc3-ec5445480369" timestamp="2022-10-06T17:52:47.419Z" tests="4" failures="0" errors="0" time="0.155">
    <testcase name="Check response time is less than 3000ms" time="0.155" classname="DropboxApiUploadDownloadTests"/>
    <testcase name="Check upload file status message to be one of 'Bad Request,Conflict,Not Found'" time="0.155" classname="DropboxApiUploadDownloadTests"/>
    <testcase name="Check upload file status code is one of [400, 404, 409]" time="0.155" classname="DropboxApiUploadDownloadTests"/>
    <testcase name="Check response has error keys 'error_summary,error''" time="0.155" classname="DropboxApiUploadDownloadTests"/>
  </testsuite>
  <testsuite name="Negative tests / wrong request body / Delete uploaded file wrong response body 'path' key value" id="faf65ef9-946b-4b64-907d-71bd4c9d6080" timestamp="2022-10-06T17:52:47.419Z" tests="4" failures="0" errors="0" time="0.135">
    <testcase name="Check response time is less than 3000ms" time="0.135" classname="DropboxApiUploadDownloadTests"/>
    <testcase name="Check upload file status message to be one of 'Bad Request,Conflict,Not Found'" time="0.135" classname="DropboxApiUploadDownloadTests"/>
    <testcase name="Check upload file status code is one of [400, 404, 409]" time="0.135" classname="DropboxApiUploadDownloadTests"/>
    <testcase name="Check response has error keys 'error_summary,error''" time="0.135" classname="DropboxApiUploadDownloadTests"/>
  </testsuite>
  <testsuite name="Negative tests / File upload test wrong Header 'Content-Type" id="6c9bc1cb-4a74-442e-b961-ad56545a8cce" timestamp="2022-10-06T17:52:47.419Z" tests="3" failures="0" errors="0" time="0.079">
    <testcase name="Check response time is less than 3000ms" time="0.079" classname="DropboxApiUploadDownloadTests"/>
    <testcase name="Check upload file status message to be one of 'Bad Request,Conflict,Not Found'" time="0.079" classname="DropboxApiUploadDownloadTests"/>
    <testcase name="Check upload file status code is one of [400, 404, 409]" time="0.079" classname="DropboxApiUploadDownloadTests"/>
  </testsuite>
  <testsuite name="Negative tests / Repeat delete uploaded file" id="10d3c23b-5749-4ca6-b7e3-c147841ed4b9" timestamp="2022-10-06T17:52:47.419Z" tests="4" failures="0" errors="0" time="0.114">
    <testcase name="Check response time is less than 3000ms" time="0.114" classname="DropboxApiUploadDownloadTests"/>
    <testcase name="Check upload file status message to be one of 'Bad Request,Conflict,Not Found'" time="0.114" classname="DropboxApiUploadDownloadTests"/>
    <testcase name="Check upload file status code is one of [400, 404, 409]" time="0.114" classname="DropboxApiUploadDownloadTests"/>
    <testcase name="Check response has error keys 'error_summary,error''" time="0.114" classname="DropboxApiUploadDownloadTests"/>
  </testsuite>
</testsuites>