<?xml version="1.0" encoding="UTF-8"?>
<testsuites name="Dropbox-API-upload/download-tests" tests="17" time="5.674">
  <testsuite name="Get token / Get token" id="3e2ccde0-498b-49b3-981f-3c07b49b2542" timestamp="2022-10-06T17:34:35.390Z" tests="4" failures="0" errors="0" time="0.323">
    <testcase name="Check response time is less than 3000ms" time="0.323" classname="DropboxApiUploadDownloadTests"/>
    <testcase name="Check response status code is 200" time="0.323" classname="DropboxApiUploadDownloadTests"/>
    <testcase name="Check upload file status message to be 'OK'" time="0.323" classname="DropboxApiUploadDownloadTests"/>
    <testcase name="Check response body has key 'access_token'" time="0.323" classname="DropboxApiUploadDownloadTests"/>
  </testsuite>
  <testsuite name="Positive tests / Authorization tests / User authentication" id="c1e028fb-c254-469f-beb5-35941d735657" timestamp="2022-10-06T17:34:35.390Z" tests="6" failures="0" errors="0" time="0.249">
    <testcase name="Check response time is less than 3000ms" time="0.249" classname="DropboxApiUploadDownloadTests"/>
    <testcase name="Check response status code is 200" time="0.249" classname="DropboxApiUploadDownloadTests"/>
    <testcase name="Check upload file status message to be 'OK'" time="0.249" classname="DropboxApiUploadDownloadTests"/>
    <testcase name="Check response header 'Content-Type' and its value is 'application/json'" time="0.249" classname="DropboxApiUploadDownloadTests"/>
    <testcase name="Check response header 'Content-Security-Policy' and its value" time="0.249" classname="DropboxApiUploadDownloadTests"/>
    <testcase name="Check response body has key with value" time="0.249" classname="DropboxApiUploadDownloadTests"/>
  </testsuite>
  <testsuite name="Positive tests / Authorization tests / Check app" id="ef0747d6-eafe-4c32-853a-1d895f44b307" timestamp="2022-10-06T17:34:35.390Z" tests="6" failures="0" errors="0" time="0.143">
    <testcase name="Check response time is less than 3000ms" time="0.143" classname="DropboxApiUploadDownloadTests"/>
    <testcase name="Check response status code is 200" time="0.143" classname="DropboxApiUploadDownloadTests"/>
    <testcase name="Check upload file status message to be 'OK'" time="0.143" classname="DropboxApiUploadDownloadTests"/>
    <testcase name="Check response header 'Content-Type' and its value is 'application/json'" time="0.143" classname="DropboxApiUploadDownloadTests"/>
    <testcase name="Check response header 'Content-Security-Policy' and its value" time="0.143" classname="DropboxApiUploadDownloadTests"/>
    <testcase name="Check response body has key with value" time="0.143" classname="DropboxApiUploadDownloadTests"/>
  </testsuite>
  <testsuite name="Positive tests / Upload file tests / File upload test" id="447e392c-7551-4f50-8c05-f2f14658ca2e" timestamp="2022-10-06T17:34:35.390Z" tests="9" failures="0" errors="0" time="1.016">
    <testcase name="Check response time is less than 3000ms" time="1.016" classname="DropboxApiUploadDownloadTests"/>
    <testcase name="Check response status code is 200" time="1.016" classname="DropboxApiUploadDownloadTests"/>
    <testcase name="Check upload file status message to be 'OK'" time="1.016" classname="DropboxApiUploadDownloadTests"/>
    <testcase name="Check 'Strict-Transport-Security' response header value is 'max-age=31536000; includeSubDomains; preload'" time="1.016" classname="DropboxApiUploadDownloadTests"/>
    <testcase name="Check response has key 'name' with value equal to uploaded file name" time="1.016" classname="DropboxApiUploadDownloadTests"/>
    <testcase name="Check response keys length is equal 10" time="1.016" classname="DropboxApiUploadDownloadTests"/>
    <testcase name="Check response keys are present" time="1.016" classname="DropboxApiUploadDownloadTests"/>
    <testcase name="Check response 'is_downloadable' value" time="1.016" classname="DropboxApiUploadDownloadTests"/>
    <testcase name="Validate response json schema" time="1.016" classname="DropboxApiUploadDownloadTests"/>
  </testsuite>
  <testsuite name="Positive tests / Upload file tests / Search uploaded file" id="c43db52b-4c86-4160-a456-563a68701a22" timestamp="2022-10-06T17:34:35.390Z" tests="8" failures="0" errors="0" time="0.297">
    <testcase name="Check response time is less than 3000ms" time="0.297" classname="DropboxApiUploadDownloadTests"/>
    <testcase name="Check response status code is 200" time="0.297" classname="DropboxApiUploadDownloadTests"/>
    <testcase name="Check upload file status message to be 'OK'" time="0.297" classname="DropboxApiUploadDownloadTests"/>
    <testcase name="Check response header 'Content-Security-Policy' value is 'sandbox" time="0.297" classname="DropboxApiUploadDownloadTests"/>
    <testcase name="Check response header 'Content-Type' and its value is 'application/json'" time="0.297" classname="DropboxApiUploadDownloadTests"/>
    <testcase name="Check response keys length is equal 1" time="0.297" classname="DropboxApiUploadDownloadTests"/>
    <testcase name="Check response key 'has_more' value equal to 'false'" time="0.297" classname="DropboxApiUploadDownloadTests"/>
    <testcase name="Validate response json schema" time="0.297" classname="DropboxApiUploadDownloadTests"/>
  </testsuite>
  <testsuite name="Positive tests / Get File Metadata tests / Get uploaded file via search endpoint" id="100ad983-6c9e-41e8-a2cf-ec70499db244" timestamp="2022-10-06T17:34:35.390Z" tests="12" failures="0" errors="0" time="0.314">
    <testcase name="Check response time is less than 3000ms" time="0.314" classname="DropboxApiUploadDownloadTests"/>
    <testcase name="Check response status code is 200" time="0.314" classname="DropboxApiUploadDownloadTests"/>
    <testcase name="Check upload file status message to be 'OK'" time="0.314" classname="DropboxApiUploadDownloadTests"/>
    <testcase name="Check response header 'Content-Type' and its value is 'application/json'" time="0.314" classname="DropboxApiUploadDownloadTests"/>
    <testcase name="Check metadadta has key 'name' with value equal to uploaded file name" time="0.314" classname="DropboxApiUploadDownloadTests"/>
    <testcase name="Check response keys length is 1" time="0.314" classname="DropboxApiUploadDownloadTests"/>
    <testcase name="Check metadata 'name' key has value 'text.txt'" time="0.314" classname="DropboxApiUploadDownloadTests"/>
    <testcase name="Check metadata 'id' key has value 'id:kNz2VS8OLSwAAAAAAAAA8A'" time="0.314" classname="DropboxApiUploadDownloadTests"/>
    <testcase name="Check metadata 'content_hash' key has value 'fd2112ca5793b05e935205bb9891410beb1df1076f60d6dcc754c7377edf6fdc'" time="0.314" classname="DropboxApiUploadDownloadTests"/>
    <testcase name="Check metadata 'is_downloadable' key has value 'true'" time="0.314" classname="DropboxApiUploadDownloadTests"/>
    <testcase name="Check metadata 'size' key has value '19'" time="0.314" classname="DropboxApiUploadDownloadTests"/>
    <testcase name="Validate response json schema" time="0.314" classname="DropboxApiUploadDownloadTests"/>
  </testsuite>
  <testsuite name="Positive tests / Get File Metadata tests / Get uploaded file metadata via metadata endpoint" id="9a58aac5-b065-45e4-a7af-e3223e7e0e1f" timestamp="2022-10-06T17:34:35.390Z" tests="7" failures="0" errors="0" time="0.234">
    <testcase name="Check response time is less than 3000ms" time="0.234" classname="DropboxApiUploadDownloadTests"/>
    <testcase name="Check response status code is 200" time="0.234" classname="DropboxApiUploadDownloadTests"/>
    <testcase name="Check upload file status message to be 'OK'" time="0.234" classname="DropboxApiUploadDownloadTests"/>
    <testcase name="Check response header 'Content-Type' and its value is 'application/json'" time="0.234" classname="DropboxApiUploadDownloadTests"/>
    <testcase name="Check response keys length is equal 11" time="0.234" classname="DropboxApiUploadDownloadTests"/>
    <testcase name="Check response keys values are equal text.txt,/text.txt,/text.txt,id:kNz2VS8OLSwAAAAAAAAA8A,2022-10-06T17:34:36Z,2022-10-06T17:34:37Z,5ea611b7953a6b94ae2f1,19,true,fd2112ca5793b05e935205bb9891410beb1df1076f60d6dcc754c7377edf6fdc" time="0.234" classname="DropboxApiUploadDownloadTests"/>
    <testcase name="Validate response json schema" time="0.234" classname="DropboxApiUploadDownloadTests"/>
  </testsuite>
  <testsuite name="Positive tests / Delete file tests / Delete uploaded file" id="290809d0-4aa6-467b-9433-9a54ae335c49" timestamp="2022-10-06T17:34:35.390Z" tests="7" failures="0" errors="0" time="1.190">
    <testcase name="Check response time is less than 3000ms" time="1.190" classname="DropboxApiUploadDownloadTests"/>
    <testcase name="Check response status code is 200" time="1.190" classname="DropboxApiUploadDownloadTests"/>
    <testcase name="Check upload file status message to be 'OK'" time="1.190" classname="DropboxApiUploadDownloadTests"/>
    <testcase name="Check response header 'Content-Type' and its value is 'application/json'" time="1.190" classname="DropboxApiUploadDownloadTests"/>
    <testcase name="Check response keys length is equal 11" time="1.190" classname="DropboxApiUploadDownloadTests"/>
    <testcase name="Check response keys values are equal text.txt,/text.txt,/text.txt,id:kNz2VS8OLSwAAAAAAAAA8A,2022-10-06T17:34:36Z,2022-10-06T17:34:37Z,5ea611b7953a6b94ae2f1,19,true,fd2112ca5793b05e935205bb9891410beb1df1076f60d6dcc754c7377edf6fdc" time="1.190" classname="DropboxApiUploadDownloadTests"/>
    <testcase name="Validate response json schema" time="1.190" classname="DropboxApiUploadDownloadTests"/>
  </testsuite>
  <testsuite name="Negative tests / wrong endpoint / File upload test wrong endpoint" id="cb543ea7-fcab-4781-8525-7ba421a5c4d4" timestamp="2022-10-06T17:34:35.390Z" tests="3" failures="0" errors="0" time="0.164">
    <testcase name="Check response time is less than 3000ms" time="0.164" classname="DropboxApiUploadDownloadTests"/>
    <testcase name="Check upload file status message to be one of 'Bad Request,Conflict,Not Found'" time="0.164" classname="DropboxApiUploadDownloadTests"/>
    <testcase name="Check upload file status code is one of [400, 404, 409]" time="0.164" classname="DropboxApiUploadDownloadTests"/>
  </testsuite>
  <testsuite name="Negative tests / wrong endpoint / Search uploaded file wrong endpoint" id="ce18342e-65de-4e4c-9278-338fa8027526" timestamp="2022-10-06T17:34:35.390Z" tests="3" failures="0" errors="0" time="0.133">
    <testcase name="Check response time is less than 3000ms" time="0.133" classname="DropboxApiUploadDownloadTests"/>
    <testcase name="Check upload file status message to be one of 'Bad Request,Conflict,Not Found'" time="0.133" classname="DropboxApiUploadDownloadTests"/>
    <testcase name="Check upload file status code is one of [400, 404, 409]" time="0.133" classname="DropboxApiUploadDownloadTests"/>
  </testsuite>
  <testsuite name="Negative tests / wrong endpoint / Get uploaded file metadata wrong endpoint" id="1344fa60-6f17-4a3f-b4ed-c90f855c176a" timestamp="2022-10-06T17:34:35.390Z" tests="3" failures="0" errors="0" time="0.130">
    <testcase name="Check response time is less than 3000ms" time="0.130" classname="DropboxApiUploadDownloadTests"/>
    <testcase name="Check upload file status message to be one of 'Bad Request,Conflict,Not Found'" time="0.130" classname="DropboxApiUploadDownloadTests"/>
    <testcase name="Check upload file status code is one of [400, 404, 409]" time="0.130" classname="DropboxApiUploadDownloadTests"/>
  </testsuite>
  <testsuite name="Negative tests / wrong endpoint / Delete uploaded file wrong endpoint" id="d4974ccd-e83b-4dd5-b2de-995c270c7df0" timestamp="2022-10-06T17:34:35.390Z" tests="3" failures="0" errors="0" time="0.130">
    <testcase name="Check response time is less than 3000ms" time="0.130" classname="DropboxApiUploadDownloadTests"/>
    <testcase name="Check upload file status message to be one of 'Bad Request,Conflict,Not Found'" time="0.130" classname="DropboxApiUploadDownloadTests"/>
    <testcase name="Check upload file status code is one of [400, 404, 409]" time="0.130" classname="DropboxApiUploadDownloadTests"/>
  </testsuite>
  <testsuite name="Negative tests / wrong request body / Search uploaded file wrong request body" id="6d5ddc69-c24e-44d0-978b-4a55ee65b6d3" timestamp="2022-10-06T17:34:35.390Z" tests="3" failures="0" errors="0" time="0.176">
    <testcase name="Check response time is less than 3000ms" time="0.176" classname="DropboxApiUploadDownloadTests"/>
    <testcase name="Check upload file status message to be one of 'Bad Request,Conflict,Not Found'" time="0.176" classname="DropboxApiUploadDownloadTests"/>
    <testcase name="Check upload file status code is one of [400, 404, 409]" time="0.176" classname="DropboxApiUploadDownloadTests"/>
  </testsuite>
  <testsuite name="Negative tests / wrong request body / Get uploaded file metadata wrong body 'path' key value" id="f1126e7d-ee84-4ac0-9e1f-d6fc883d59ce" timestamp="2022-10-06T17:34:35.390Z" tests="4" failures="0" errors="0" time="0.184">
    <testcase name="Check response time is less than 3000ms" time="0.184" classname="DropboxApiUploadDownloadTests"/>
    <testcase name="Check upload file status message to be one of 'Bad Request,Conflict,Not Found'" time="0.184" classname="DropboxApiUploadDownloadTests"/>
    <testcase name="Check upload file status code is one of [400, 404, 409]" time="0.184" classname="DropboxApiUploadDownloadTests"/>
    <testcase name="Check response has error keys 'error_summary,error''" time="0.184" classname="DropboxApiUploadDownloadTests"/>
  </testsuite>
  <testsuite name="Negative tests / wrong request body / Delete uploaded file wrong response body 'path' key value" id="27f6596f-8d89-4623-957e-95690acd5e41" timestamp="2022-10-06T17:34:35.390Z" tests="4" failures="0" errors="0" time="0.345">
    <testcase name="Check response time is less than 3000ms" time="0.345" classname="DropboxApiUploadDownloadTests"/>
    <testcase name="Check upload file status message to be one of 'Bad Request,Conflict,Not Found'" time="0.345" classname="DropboxApiUploadDownloadTests"/>
    <testcase name="Check upload file status code is one of [400, 404, 409]" time="0.345" classname="DropboxApiUploadDownloadTests"/>
    <testcase name="Check response has error keys 'error_summary,error''" time="0.345" classname="DropboxApiUploadDownloadTests"/>
  </testsuite>
  <testsuite name="Negative tests / File upload test wrong Header 'Content-Type" id="7815d6db-8e25-4bb6-bd5f-e2a05a368e6d" timestamp="2022-10-06T17:34:35.390Z" tests="3" failures="0" errors="0" time="0.199">
    <testcase name="Check response time is less than 3000ms" time="0.199" classname="DropboxApiUploadDownloadTests"/>
    <testcase name="Check upload file status message to be one of 'Bad Request,Conflict,Not Found'" time="0.199" classname="DropboxApiUploadDownloadTests"/>
    <testcase name="Check upload file status code is one of [400, 404, 409]" time="0.199" classname="DropboxApiUploadDownloadTests"/>
  </testsuite>
  <testsuite name="Negative tests / Repeat delete uploaded file" id="1f258a2b-fa5b-4163-a52c-192583d56f42" timestamp="2022-10-06T17:34:35.390Z" tests="4" failures="0" errors="0" time="0.447">
    <testcase name="Check response time is less than 3000ms" time="0.447" classname="DropboxApiUploadDownloadTests"/>
    <testcase name="Check upload file status message to be one of 'Bad Request,Conflict,Not Found'" time="0.447" classname="DropboxApiUploadDownloadTests"/>
    <testcase name="Check upload file status code is one of [400, 404, 409]" time="0.447" classname="DropboxApiUploadDownloadTests"/>
    <testcase name="Check response has error keys 'error_summary,error''" time="0.447" classname="DropboxApiUploadDownloadTests"/>
  </testsuite>
</testsuites>